<?xml version="1.0" encoding="UTF-8"?>
<coverage generated="1605211942903" clover="3.2.0">
  <project timestamp="1605211942903" name="All files">
    <metrics statements="449" coveredstatements="449" conditionals="295" coveredconditionals="282" methods="26" coveredmethods="26" elements="770" coveredelements="757" complexity="0" loc="449" ncloc="449" packages="1" files="4" classes="4"/>
    <file name="image-handler.js" path="/codebuild/output/src153285730/src/source/image-handler/image-handler.js">
      <metrics statements="107" coveredstatements="107" conditionals="66" coveredconditionals="58" methods="6" coveredmethods="6"/>
      <line num="4" count="2" type="stmt"/>
      <line num="8" count="33" type="stmt"/>
      <line num="9" count="33" type="stmt"/>
      <line num="17" count="11" type="stmt"/>
      <line num="18" count="11" type="stmt"/>
      <line num="19" count="11" type="stmt"/>
      <line num="21" count="11" type="cond" truecount="4" falsecount="0"/>
      <line num="22" count="6" type="stmt"/>
      <line num="23" count="6" type="stmt"/>
      <line num="25" count="6" type="cond" truecount="4" falsecount="0"/>
      <line num="26" count="1" type="stmt"/>
      <line num="28" count="5" type="stmt"/>
      <line num="29" count="4" type="cond" truecount="2" falsecount="0"/>
      <line num="30" count="1" type="stmt"/>
      <line num="32" count="3" type="stmt"/>
      <line num="36" count="5" type="stmt"/>
      <line num="37" count="5" type="cond" truecount="2" falsecount="0"/>
      <line num="38" count="1" type="stmt"/>
      <line num="40" count="5" type="stmt"/>
      <line num="41" count="5" type="stmt"/>
      <line num="43" count="5" type="stmt"/>
      <line num="47" count="10" type="stmt"/>
      <line num="48" count="10" type="cond" truecount="2" falsecount="0"/>
      <line num="49" count="1" type="stmt"/>
      <line num="56" count="9" type="stmt"/>
      <line num="66" count="16" type="cond" truecount="2" falsecount="0"/>
      <line num="67" count="13" type="stmt"/>
      <line num="68" count="13" type="stmt"/>
      <line num="70" count="3" type="cond" truecount="1" falsecount="1"/>
      <line num="71" count="3" type="cond" truecount="1" falsecount="1"/>
      <line num="75" count="16" type="stmt"/>
      <line num="76" count="30" type="stmt"/>
      <line num="77" count="30" type="cond" truecount="2" falsecount="0"/>
      <line num="78" count="5" type="stmt"/>
      <line num="79" count="5" type="stmt"/>
      <line num="80" count="5" type="cond" truecount="1" falsecount="1"/>
      <line num="81" count="5" type="stmt"/>
      <line num="82" count="5" type="stmt"/>
      <line num="85" count="5" type="stmt"/>
      <line num="86" count="5" type="stmt"/>
      <line num="87" count="5" type="stmt"/>
      <line num="89" count="5" type="stmt"/>
      <line num="90" count="5" type="cond" truecount="2" falsecount="0"/>
      <line num="91" count="4" type="cond" truecount="1" falsecount="1"/>
      <line num="92" count="4" type="stmt"/>
      <line num="93" count="4" type="cond" truecount="4" falsecount="0"/>
      <line num="94" count="2" type="stmt"/>
      <line num="95" count="2" type="cond" truecount="2" falsecount="0"/>
      <line num="96" count="1" type="stmt"/>
      <line num="98" count="1" type="stmt"/>
      <line num="101" count="2" type="stmt"/>
      <line num="102" count="2" type="cond" truecount="2" falsecount="0"/>
      <line num="103" count="1" type="stmt"/>
      <line num="106" count="4" type="cond" truecount="1" falsecount="1"/>
      <line num="108" count="4" type="cond" truecount="1" falsecount="1"/>
      <line num="109" count="4" type="stmt"/>
      <line num="110" count="4" type="cond" truecount="4" falsecount="0"/>
      <line num="111" count="2" type="stmt"/>
      <line num="112" count="2" type="cond" truecount="2" falsecount="0"/>
      <line num="113" count="1" type="stmt"/>
      <line num="115" count="1" type="stmt"/>
      <line num="118" count="2" type="stmt"/>
      <line num="119" count="2" type="cond" truecount="2" falsecount="0"/>
      <line num="120" count="1" type="stmt"/>
      <line num="123" count="4" type="cond" truecount="1" falsecount="1"/>
      <line num="127" count="5" type="stmt"/>
      <line num="128" count="5" type="stmt"/>
      <line num="129" count="25" type="cond" truecount="2" falsecount="0"/>
      <line num="130" count="4" type="stmt"/>
      <line num="131" count="4" type="stmt"/>
      <line num="132" count="4" type="stmt"/>
      <line num="133" count="4" type="stmt"/>
      <line num="134" count="3" type="stmt"/>
      <line num="135" count="3" type="stmt"/>
      <line num="136" count="3" type="stmt"/>
      <line num="138" count="1" type="stmt"/>
      <line num="145" count="21" type="stmt"/>
      <line num="149" count="14" type="stmt"/>
      <line num="163" count="7" type="stmt"/>
      <line num="164" count="7" type="stmt"/>
      <line num="165" count="7" type="stmt"/>
      <line num="166" count="7" type="stmt"/>
      <line num="167" count="6" type="stmt"/>
      <line num="172" count="6" type="stmt"/>
      <line num="173" count="6" type="cond" truecount="2" falsecount="0"/>
      <line num="174" count="1" type="stmt"/>
      <line num="176" count="6" type="cond" truecount="2" falsecount="0"/>
      <line num="177" count="1" type="stmt"/>
      <line num="181" count="6" type="cond" truecount="2" falsecount="0"/>
      <line num="182" count="1" type="stmt"/>
      <line num="184" count="5" type="stmt"/>
      <line num="187" count="6" type="stmt"/>
      <line num="199" count="6" type="stmt"/>
      <line num="201" count="1" type="stmt"/>
      <line num="218" count="4" type="cond" truecount="2" falsecount="0"/>
      <line num="220" count="4" type="stmt"/>
      <line num="227" count="4" type="stmt"/>
      <line num="237" count="6" type="stmt"/>
      <line num="238" count="6" type="cond" truecount="2" falsecount="0"/>
      <line num="239" count="6" type="stmt"/>
      <line num="240" count="6" type="stmt"/>
      <line num="241" count="5" type="stmt"/>
      <line num="243" count="2" type="stmt"/>
      <line num="244" count="2" type="cond" truecount="2" falsecount="0"/>
      <line num="245" count="1" type="stmt"/>
      <line num="251" count="1" type="stmt"/>
      <line num="262" count="2" type="stmt"/>
    </file>
    <file name="image-request.js" path="/codebuild/output/src153285730/src/source/image-handler/image-request.js">
      <metrics statements="147" coveredstatements="147" conditionals="101" coveredconditionals="101" methods="12" coveredmethods="12"/>
      <line num="4" count="2" type="stmt"/>
      <line num="8" count="60" type="stmt"/>
      <line num="9" count="60" type="stmt"/>
      <line num="18" count="25" type="stmt"/>
      <line num="20" count="25" type="cond" truecount="2" falsecount="0"/>
      <line num="21" count="5" type="stmt"/>
      <line num="22" count="5" type="stmt"/>
      <line num="23" count="5" type="cond" truecount="4" falsecount="0"/>
      <line num="24" count="2" type="stmt"/>
      <line num="31" count="3" type="stmt"/>
      <line num="32" count="3" type="stmt"/>
      <line num="33" count="3" type="stmt"/>
      <line num="34" count="2" type="stmt"/>
      <line num="35" count="2" type="stmt"/>
      <line num="38" count="2" type="cond" truecount="2" falsecount="0"/>
      <line num="39" count="1" type="stmt"/>
      <line num="46" count="2" type="cond" truecount="2" falsecount="0"/>
      <line num="47" count="1" type="stmt"/>
      <line num="50" count="1" type="stmt"/>
      <line num="51" count="1" type="stmt"/>
      <line num="59" count="21" type="stmt"/>
      <line num="60" count="21" type="stmt"/>
      <line num="61" count="20" type="stmt"/>
      <line num="62" count="20" type="stmt"/>
      <line num="63" count="20" type="stmt"/>
      <line num="64" count="14" type="stmt"/>
      <line num="66" count="14" type="cond" truecount="2" falsecount="0"/>
      <line num="67" count="12" type="stmt"/>
      <line num="71" count="14" type="cond" truecount="6" falsecount="0"/>
      <line num="74" count="1" type="stmt"/>
      <line num="82" count="14" type="stmt"/>
      <line num="83" count="14" type="cond" truecount="4" falsecount="0"/>
      <line num="84" count="4" type="stmt"/>
      <line num="85" count="10" type="cond" truecount="2" falsecount="0"/>
      <line num="86" count="2" type="stmt"/>
      <line num="90" count="14" type="cond" truecount="2" falsecount="0"/>
      <line num="91" count="7" type="stmt"/>
      <line num="92" count="7" type="stmt"/>
      <line num="94" count="7" type="stmt"/>
      <line num="95" count="7" type="cond" truecount="4" falsecount="0"/>
      <line num="96" count="4" type="stmt"/>
      <line num="97" count="3" type="cond" truecount="4" falsecount="0"/>
      <line num="98" count="1" type="stmt"/>
      <line num="99" count="1" type="stmt"/>
      <line num="100" count="1" type="stmt"/>
      <line num="105" count="14" type="stmt"/>
      <line num="106" count="14" type="stmt"/>
      <line num="108" count="14" type="stmt"/>
      <line num="110" count="11" type="stmt"/>
      <line num="111" count="11" type="stmt"/>
      <line num="122" count="23" type="stmt"/>
      <line num="123" count="23" type="stmt"/>
      <line num="124" count="23" type="stmt"/>
      <line num="126" count="15" type="cond" truecount="2" falsecount="0"/>
      <line num="127" count="8" type="stmt"/>
      <line num="129" count="7" type="stmt"/>
      <line num="132" count="15" type="cond" truecount="2" falsecount="0"/>
      <line num="133" count="1" type="stmt"/>
      <line num="136" count="15" type="cond" truecount="2" falsecount="0"/>
      <line num="137" count="1" type="stmt"/>
      <line num="140" count="15" type="cond" truecount="2" falsecount="0"/>
      <line num="141" count="1" type="stmt"/>
      <line num="143" count="14" type="stmt"/>
      <line num="146" count="15" type="stmt"/>
      <line num="148" count="8" type="stmt"/>
      <line num="163" count="27" type="cond" truecount="2" falsecount="0"/>
      <line num="165" count="10" type="stmt"/>
      <line num="166" count="10" type="cond" truecount="2" falsecount="0"/>
      <line num="168" count="9" type="stmt"/>
      <line num="169" count="9" type="cond" truecount="4" falsecount="0"/>
      <line num="170" count="7" type="stmt"/>
      <line num="172" count="2" type="stmt"/>
      <line num="180" count="1" type="stmt"/>
      <line num="181" count="1" type="stmt"/>
      <line num="183" count="17" type="cond" truecount="4" falsecount="0"/>
      <line num="185" count="16" type="stmt"/>
      <line num="186" count="16" type="stmt"/>
      <line num="188" count="1" type="stmt"/>
      <line num="202" count="24" type="cond" truecount="2" falsecount="0"/>
      <line num="203" count="7" type="stmt"/>
      <line num="204" count="7" type="stmt"/>
      <line num="205" count="17" type="cond" truecount="2" falsecount="0"/>
      <line num="206" count="14" type="stmt"/>
      <line num="207" count="14" type="stmt"/>
      <line num="208" count="14" type="stmt"/>
      <line num="209" count="3" type="cond" truecount="2" falsecount="0"/>
      <line num="210" count="2" type="stmt"/>
      <line num="211" count="2" type="stmt"/>
      <line num="212" count="2" type="stmt"/>
      <line num="213" count="2" type="stmt"/>
      <line num="215" count="1" type="stmt"/>
      <line num="230" count="26" type="cond" truecount="2" falsecount="0"/>
      <line num="232" count="8" type="stmt"/>
      <line num="233" count="8" type="stmt"/>
      <line num="236" count="18" type="cond" truecount="4" falsecount="0"/>
      <line num="237" count="17" type="stmt"/>
      <line num="239" count="17" type="cond" truecount="2" falsecount="0"/>
      <line num="240" count="3" type="stmt"/>
      <line num="241" count="3" type="stmt"/>
      <line num="243" count="3" type="cond" truecount="2" falsecount="0"/>
      <line num="244" count="1" type="stmt"/>
      <line num="245" count="1" type="stmt"/>
      <line num="246" count="1" type="stmt"/>
      <line num="247" count="1" type="stmt"/>
      <line num="248" count="1" type="stmt"/>
      <line num="250" count="2" type="stmt"/>
      <line num="253" count="17" type="stmt"/>
      <line num="257" count="1" type="stmt"/>
      <line num="272" count="25" type="stmt"/>
      <line num="273" count="25" type="stmt"/>
      <line num="274" count="25" type="stmt"/>
      <line num="275" count="25" type="stmt"/>
      <line num="277" count="25" type="cond" truecount="4" falsecount="0"/>
      <line num="283" count="25" type="cond" truecount="2" falsecount="0"/>
      <line num="284" count="8" type="stmt"/>
      <line num="285" count="17" type="cond" truecount="4" falsecount="0"/>
      <line num="286" count="2" type="stmt"/>
      <line num="287" count="15" type="cond" truecount="2" falsecount="0"/>
      <line num="288" count="14" type="stmt"/>
      <line num="290" count="1" type="stmt"/>
      <line num="305" count="17" type="cond" truecount="2" falsecount="0"/>
      <line num="306" count="8" type="stmt"/>
      <line num="307" count="8" type="cond" truecount="2" falsecount="0"/>
      <line num="308" count="3" type="stmt"/>
      <line num="312" count="14" type="stmt"/>
      <line num="321" count="42" type="stmt"/>
      <line num="322" count="42" type="cond" truecount="2" falsecount="0"/>
      <line num="323" count="41" type="cond" truecount="2" falsecount="0"/>
      <line num="324" count="41" type="stmt"/>
      <line num="325" count="41" type="stmt"/>
      <line num="327" count="41" type="stmt"/>
      <line num="329" count="1" type="stmt"/>
      <line num="336" count="1" type="stmt"/>
      <line num="350" count="28" type="stmt"/>
      <line num="351" count="28" type="cond" truecount="2" falsecount="0"/>
      <line num="352" count="1" type="stmt"/>
      <line num="358" count="27" type="stmt"/>
      <line num="359" count="27" type="stmt"/>
      <line num="360" count="27" type="stmt"/>
      <line num="369" count="18" type="stmt"/>
      <line num="370" count="18" type="cond" truecount="5" falsecount="0"/>
      <line num="371" count="1" type="stmt"/>
      <line num="372" count="17" type="cond" truecount="2" falsecount="0"/>
      <line num="373" count="6" type="stmt"/>
      <line num="374" count="6" type="stmt"/>
      <line num="377" count="11" type="stmt"/>
      <line num="382" count="2" type="stmt"/>
    </file>
    <file name="index.js" path="/codebuild/output/src153285730/src/source/image-handler/index.js">
      <metrics statements="49" coveredstatements="49" conditionals="23" coveredconditionals="21" methods="2" coveredmethods="2"/>
      <line num="4" count="1" type="stmt"/>
      <line num="5" count="1" type="stmt"/>
      <line num="6" count="1" type="stmt"/>
      <line num="7" count="1" type="stmt"/>
      <line num="9" count="1" type="stmt"/>
      <line num="10" count="1" type="stmt"/>
      <line num="12" count="1" type="stmt"/>
      <line num="13" count="10" type="stmt"/>
      <line num="14" count="10" type="stmt"/>
      <line num="15" count="10" type="stmt"/>
      <line num="16" count="10" type="cond" truecount="2" falsecount="0"/>
      <line num="18" count="10" type="stmt"/>
      <line num="19" count="10" type="stmt"/>
      <line num="20" count="4" type="stmt"/>
      <line num="22" count="4" type="stmt"/>
      <line num="23" count="3" type="stmt"/>
      <line num="24" count="3" type="stmt"/>
      <line num="25" count="3" type="stmt"/>
      <line num="26" count="3" type="stmt"/>
      <line num="27" count="3" type="stmt"/>
      <line num="29" count="3" type="cond" truecount="2" falsecount="0"/>
      <line num="31" count="1" type="stmt"/>
      <line num="32" count="1" type="stmt"/>
      <line num="36" count="3" type="stmt"/>
      <line num="43" count="7" type="stmt"/>
      <line num="46" count="7" type="cond" truecount="7" falsecount="0"/>
      <line num="51" count="2" type="stmt"/>
      <line num="52" count="2" type="stmt"/>
      <line num="53" count="2" type="stmt"/>
      <line num="54" count="2" type="stmt"/>
      <line num="55" count="1" type="stmt"/>
      <line num="56" count="1" type="stmt"/>
      <line num="57" count="1" type="stmt"/>
      <line num="58" count="1" type="stmt"/>
      <line num="60" count="1" type="stmt"/>
      <line num="67" count="1" type="stmt"/>
      <line num="71" count="6" type="cond" truecount="2" falsecount="0"/>
      <line num="72" count="5" type="stmt"/>
      <line num="79" count="1" type="stmt"/>
      <line num="96" count="1" type="cond" truecount="1" falsecount="1"/>
      <line num="97" count="10" type="stmt"/>
      <line num="98" count="10" type="stmt"/>
      <line num="102" count="10" type="cond" truecount="2" falsecount="0"/>
      <line num="103" count="8" type="stmt"/>
      <line num="105" count="10" type="cond" truecount="2" falsecount="0"/>
      <line num="106" count="5" type="stmt"/>
      <line num="108" count="10" type="cond" truecount="2" falsecount="0"/>
      <line num="109" count="6" type="stmt"/>
      <line num="111" count="10" type="stmt"/>
    </file>
    <file name="thumbor-mapping.js" path="/codebuild/output/src153285730/src/source/image-handler/thumbor-mapping.js">
      <metrics statements="146" coveredstatements="146" conditionals="105" coveredconditionals="102" methods="6" coveredmethods="6"/>
      <line num="4" count="3" type="stmt"/>
      <line num="5" count="3" type="stmt"/>
      <line num="11" count="63" type="stmt"/>
      <line num="21" count="23" type="stmt"/>
      <line num="22" count="23" type="stmt"/>
      <line num="23" count="23" type="cond" truecount="2" falsecount="0"/>
      <line num="24" count="16" type="stmt"/>
      <line num="26" count="23" type="stmt"/>
      <line num="29" count="23" type="stmt"/>
      <line num="30" count="23" type="cond" truecount="2" falsecount="0"/>
      <line num="32" count="7" type="stmt"/>
      <line num="33" count="7" type="stmt"/>
      <line num="34" count="7" type="stmt"/>
      <line num="37" count="7" type="cond" truecount="3" falsecount="1"/>
      <line num="38" count="7" type="stmt"/>
      <line num="41" count="7" type="cond" truecount="4" falsecount="0"/>
      <line num="42" count="3" type="stmt"/>
      <line num="44" count="7" type="cond" truecount="2" falsecount="0"/>
      <line num="45" count="7" type="cond" truecount="2" falsecount="0"/>
      <line num="50" count="23" type="cond" truecount="2" falsecount="0"/>
      <line num="51" count="3" type="cond" truecount="2" falsecount="0"/>
      <line num="52" count="1" type="stmt"/>
      <line num="54" count="3" type="stmt"/>
      <line num="58" count="23" type="stmt"/>
      <line num="59" count="11" type="stmt"/>
      <line num="60" count="11" type="stmt"/>
      <line num="63" count="23" type="stmt"/>
      <line num="74" count="6" type="stmt"/>
      <line num="75" count="6" type="stmt"/>
      <line num="78" count="6" type="cond" truecount="5" falsecount="0"/>
      <line num="79" count="3" type="stmt"/>
      <line num="81" count="3" type="cond" truecount="2" falsecount="0"/>
      <line num="82" count="1" type="stmt"/>
      <line num="83" count="1" type="stmt"/>
      <line num="84" count="1" type="stmt"/>
      <line num="85" count="1" type="stmt"/>
      <line num="86" count="1" type="stmt"/>
      <line num="88" count="2" type="stmt"/>
      <line num="91" count="3" type="stmt"/>
      <line num="93" count="3" type="stmt"/>
      <line num="104" count="47" type="stmt"/>
      <line num="105" count="47" type="stmt"/>
      <line num="106" count="47" type="stmt"/>
      <line num="108" count="47" type="cond" truecount="2" falsecount="0"/>
      <line num="109" count="1" type="stmt"/>
      <line num="110" count="46" type="cond" truecount="2" falsecount="0"/>
      <line num="111" count="1" type="cond" truecount="1" falsecount="1"/>
      <line num="112" count="1" type="stmt"/>
      <line num="114" count="1" type="stmt"/>
      <line num="115" count="45" type="cond" truecount="2" falsecount="0"/>
      <line num="116" count="2" type="stmt"/>
      <line num="117" count="2" type="cond" truecount="2" falsecount="0"/>
      <line num="118" count="43" type="cond" truecount="2" falsecount="0"/>
      <line num="119" count="1" type="stmt"/>
      <line num="120" count="1" type="stmt"/>
      <line num="121" count="1" type="stmt"/>
      <line num="122" count="1" type="stmt"/>
      <line num="123" count="9" type="stmt"/>
      <line num="125" count="1" type="stmt"/>
      <line num="126" count="1" type="stmt"/>
      <line num="127" count="1" type="stmt"/>
      <line num="128" count="1" type="stmt"/>
      <line num="129" count="9" type="cond" truecount="2" falsecount="0"/>
      <line num="130" count="3" type="stmt"/>
      <line num="131" count="3" type="stmt"/>
      <line num="133" count="6" type="stmt"/>
      <line num="136" count="1" type="stmt"/>
      <line num="141" count="42" type="cond" truecount="2" falsecount="0"/>
      <line num="142" count="1" type="stmt"/>
      <line num="143" count="41" type="cond" truecount="2" falsecount="0"/>
      <line num="144" count="2" type="cond" truecount="2" falsecount="0"/>
      <line num="145" count="1" type="stmt"/>
      <line num="147" count="2" type="cond" truecount="1" falsecount="1"/>
      <line num="148" count="2" type="stmt"/>
      <line num="150" count="2" type="stmt"/>
      <line num="151" count="2" type="stmt"/>
      <line num="152" count="39" type="cond" truecount="2" falsecount="0"/>
      <line num="153" count="4" type="stmt"/>
      <line num="154" count="4" type="stmt"/>
      <line num="155" count="4" type="cond" truecount="2" falsecount="0"/>
      <line num="156" count="3" type="stmt"/>
      <line num="158" count="35" type="cond" truecount="2" falsecount="0"/>
      <line num="159" count="5" type="stmt"/>
      <line num="160" count="30" type="cond" truecount="2" falsecount="0"/>
      <line num="161" count="2" type="cond" truecount="2" falsecount="0"/>
      <line num="162" count="1" type="stmt"/>
      <line num="164" count="2" type="stmt"/>
      <line num="165" count="28" type="cond" truecount="2" falsecount="0"/>
      <line num="166" count="2" type="cond" truecount="2" falsecount="0"/>
      <line num="167" count="1" type="stmt"/>
      <line num="169" count="2" type="stmt"/>
      <line num="170" count="2" type="stmt"/>
      <line num="171" count="2" type="stmt"/>
      <line num="172" count="26" type="cond" truecount="2" falsecount="0"/>
      <line num="173" count="7" type="cond" truecount="2" falsecount="0"/>
      <line num="174" count="2" type="stmt"/>
      <line num="175" count="5" type="cond" truecount="2" falsecount="0"/>
      <line num="176" count="1" type="stmt"/>
      <line num="177" count="4" type="cond" truecount="2" falsecount="0"/>
      <line num="178" count="1" type="stmt"/>
      <line num="179" count="3" type="cond" truecount="2" falsecount="0"/>
      <line num="180" count="1" type="stmt"/>
      <line num="181" count="2" type="cond" truecount="2" falsecount="0"/>
      <line num="182" count="1" type="stmt"/>
      <line num="184" count="19" type="cond" truecount="2" falsecount="0"/>
      <line num="185" count="1" type="stmt"/>
      <line num="186" count="1" type="stmt"/>
      <line num="187" count="1" type="stmt"/>
      <line num="188" count="3" type="stmt"/>
      <line num="189" count="3" type="stmt"/>
      <line num="190" count="3" type="stmt"/>
      <line num="192" count="1" type="stmt"/>
      <line num="193" count="18" type="cond" truecount="2" falsecount="0"/>
      <line num="194" count="4" type="stmt"/>
      <line num="195" count="14" type="cond" truecount="2" falsecount="0"/>
      <line num="196" count="1" type="stmt"/>
      <line num="197" count="1" type="stmt"/>
      <line num="198" count="1" type="stmt"/>
      <line num="199" count="13" type="cond" truecount="2" falsecount="0"/>
      <line num="200" count="4" type="cond" truecount="2" falsecount="0"/>
      <line num="201" count="1" type="stmt"/>
      <line num="205" count="4" type="cond" truecount="2" falsecount="0"/>
      <line num="206" count="2" type="stmt"/>
      <line num="208" count="9" type="cond" truecount="4" falsecount="0"/>
      <line num="209" count="2" type="stmt"/>
      <line num="210" count="7" type="cond" truecount="2" falsecount="0"/>
      <line num="211" count="2" type="cond" truecount="2" falsecount="0"/>
      <line num="212" count="1" type="stmt"/>
      <line num="214" count="2" type="stmt"/>
      <line num="215" count="5" type="cond" truecount="2" falsecount="0"/>
      <line num="216" count="4" type="stmt"/>
      <line num="217" count="4" type="stmt"/>
      <line num="218" count="4" type="stmt"/>
      <line num="219" count="4" type="stmt"/>
      <line num="220" count="4" type="stmt"/>
      <line num="221" count="4" type="stmt"/>
      <line num="222" count="4" type="stmt"/>
      <line num="223" count="4" type="stmt"/>
      <line num="225" count="4" type="stmt"/>
      <line num="233" count="4" type="stmt"/>
      <line num="234" count="4" type="cond" truecount="4" falsecount="0"/>
      <line num="235" count="3" type="stmt"/>
      <line num="237" count="4" type="cond" truecount="4" falsecount="0"/>
      <line num="238" count="3" type="stmt"/>
      <line num="241" count="1" type="stmt"/>
      <line num="247" count="3" type="stmt"/>
    </file>
  </project>
</coverage>
