{"/codebuild/output/src153285730/src/source/image-handler/image-handler.js": {"path":"/codebuild/output/src153285730/src/source/image-handler/image-handler.js","statementMap":{"0":{"start":{"line":4,"column":14},"end":{"line":4,"column":30}},"1":{"start":{"line":8,"column":8},"end":{"line":8,"column":21}},"2":{"start":{"line":9,"column":8},"end":{"line":9,"column":39}},"3":{"start":{"line":17,"column":26},"end":{"line":17,"column":28}},"4":{"start":{"line":18,"column":30},"end":{"line":18,"column":51}},"5":{"start":{"line":19,"column":22},"end":{"line":19,"column":35}},"6":{"start":{"line":21,"column":8},"end":{"line":44,"column":9}},"7":{"start":{"line":22,"column":24},"end":{"line":22,"column":28}},"8":{"start":{"line":23,"column":25},"end":{"line":23,"column":43}},"9":{"start":{"line":25,"column":12},"end":{"line":34,"column":13}},"10":{"start":{"line":26,"column":16},"end":{"line":26,"column":69}},"11":{"start":{"line":28,"column":33},"end":{"line":28,"column":94}},"12":{"start":{"line":29,"column":16},"end":{"line":33,"column":17}},"13":{"start":{"line":30,"column":20},"end":{"line":30,"column":125}},"14":{"start":{"line":32,"column":20},"end":{"line":32,"column":88}},"15":{"start":{"line":36,"column":34},"end":{"line":36,"column":69}},"16":{"start":{"line":37,"column":12},"end":{"line":39,"column":13}},"17":{"start":{"line":38,"column":16},"end":{"line":38,"column":61}},"18":{"start":{"line":40,"column":32},"end":{"line":40,"column":62}},"19":{"start":{"line":41,"column":12},"end":{"line":41,"column":57}},"20":{"start":{"line":43,"column":12},"end":{"line":43,"column":59}},"21":{"start":{"line":47,"column":35},"end":{"line":47,"column":50}},"22":{"start":{"line":48,"column":8},"end":{"line":54,"column":9}},"23":{"start":{"line":49,"column":12},"end":{"line":53,"column":14}},"24":{"start":{"line":56,"column":8},"end":{"line":56,"column":27}},"25":{"start":{"line":66,"column":8},"end":{"line":72,"column":9}},"26":{"start":{"line":67,"column":12},"end":{"line":67,"column":30}},"27":{"start":{"line":68,"column":12},"end":{"line":68,"column":40}},"28":{"start":{"line":70,"column":12},"end":{"line":70,"column":84}},"29":{"start":{"line":70,"column":36},"end":{"line":70,"column":84}},"30":{"start":{"line":71,"column":12},"end":{"line":71,"column":87}},"31":{"start":{"line":71,"column":37},"end":{"line":71,"column":87}},"32":{"start":{"line":75,"column":8},"end":{"line":147,"column":9}},"33":{"start":{"line":76,"column":26},"end":{"line":76,"column":40}},"34":{"start":{"line":77,"column":12},"end":{"line":146,"column":13}},"35":{"start":{"line":78,"column":33},"end":{"line":78,"column":55}},"36":{"start":{"line":79,"column":36},"end":{"line":79,"column":44}},"37":{"start":{"line":80,"column":16},"end":{"line":83,"column":17}},"38":{"start":{"line":81,"column":38},"end":{"line":81,"column":60}},"39":{"start":{"line":82,"column":20},"end":{"line":82,"column":115}},"40":{"start":{"line":85,"column":63},"end":{"line":85,"column":68}},"41":{"start":{"line":86,"column":32},"end":{"line":86,"column":109}},"42":{"start":{"line":87,"column":40},"end":{"line":87,"column":71}},"43":{"start":{"line":89,"column":34},"end":{"line":89,"column":39}},"44":{"start":{"line":90,"column":16},"end":{"line":125,"column":17}},"45":{"start":{"line":91,"column":20},"end":{"line":107,"column":21}},"46":{"start":{"line":92,"column":35},"end":{"line":92,"column":47}},"47":{"start":{"line":93,"column":24},"end":{"line":105,"column":25}},"48":{"start":{"line":94,"column":28},"end":{"line":94,"column":67}},"49":{"start":{"line":95,"column":28},"end":{"line":99,"column":29}},"50":{"start":{"line":96,"column":32},"end":{"line":96,"column":120}},"51":{"start":{"line":98,"column":32},"end":{"line":98,"column":72}},"52":{"start":{"line":101,"column":28},"end":{"line":101,"column":50}},"53":{"start":{"line":102,"column":28},"end":{"line":104,"column":29}},"54":{"start":{"line":103,"column":32},"end":{"line":103,"column":90}},"55":{"start":{"line":106,"column":24},"end":{"line":106,"column":80}},"56":{"start":{"line":108,"column":20},"end":{"line":124,"column":21}},"57":{"start":{"line":109,"column":34},"end":{"line":109,"column":45}},"58":{"start":{"line":110,"column":24},"end":{"line":122,"column":25}},"59":{"start":{"line":111,"column":28},"end":{"line":111,"column":65}},"60":{"start":{"line":112,"column":28},"end":{"line":116,"column":29}},"61":{"start":{"line":113,"column":32},"end":{"line":113,"column":121}},"62":{"start":{"line":115,"column":32},"end":{"line":115,"column":71}},"63":{"start":{"line":118,"column":28},"end":{"line":118,"column":48}},"64":{"start":{"line":119,"column":28},"end":{"line":121,"column":29}},"65":{"start":{"line":120,"column":32},"end":{"line":120,"column":90}},"66":{"start":{"line":123,"column":24},"end":{"line":123,"column":76}},"67":{"start":{"line":127,"column":31},"end":{"line":127,"column":63}},"68":{"start":{"line":128,"column":16},"end":{"line":128,"column":40}},"69":{"start":{"line":129,"column":19},"end":{"line":146,"column":13}},"70":{"start":{"line":130,"column":32},"end":{"line":130,"column":37}},"71":{"start":{"line":131,"column":33},"end":{"line":131,"column":55}},"72":{"start":{"line":132,"column":36},"end":{"line":132,"column":58}},"73":{"start":{"line":133,"column":36},"end":{"line":133,"column":93}},"74":{"start":{"line":134,"column":33},"end":{"line":134,"column":81}},"75":{"start":{"line":135,"column":16},"end":{"line":143,"column":17}},"76":{"start":{"line":136,"column":20},"end":{"line":136,"column":44}},"77":{"start":{"line":138,"column":20},"end":{"line":142,"column":22}},"78":{"start":{"line":145,"column":16},"end":{"line":145,"column":38}},"79":{"start":{"line":149,"column":8},"end":{"line":149,"column":21}},"80":{"start":{"line":163,"column":23},"end":{"line":163,"column":51}},"81":{"start":{"line":164,"column":8},"end":{"line":206,"column":9}},"82":{"start":{"line":165,"column":38},"end":{"line":165,"column":57}},"83":{"start":{"line":166,"column":33},"end":{"line":166,"column":74}},"84":{"start":{"line":167,"column":25},"end":{"line":169,"column":13}},"85":{"start":{"line":172,"column":34},"end":{"line":172,"column":55}},"86":{"start":{"line":173,"column":12},"end":{"line":175,"column":13}},"87":{"start":{"line":174,"column":16},"end":{"line":174,"column":65}},"88":{"start":{"line":176,"column":12},"end":{"line":178,"column":13}},"89":{"start":{"line":177,"column":16},"end":{"line":177,"column":67}},"90":{"start":{"line":181,"column":12},"end":{"line":185,"column":13}},"91":{"start":{"line":182,"column":16},"end":{"line":182,"column":40}},"92":{"start":{"line":184,"column":16},"end":{"line":184,"column":26}},"93":{"start":{"line":187,"column":35},"end":{"line":198,"column":30}},"94":{"start":{"line":199,"column":12},"end":{"line":199,"column":34}},"95":{"start":{"line":201,"column":12},"end":{"line":205,"column":14}},"96":{"start":{"line":218,"column":24},"end":{"line":218,"column":89}},"97":{"start":{"line":220,"column":25},"end":{"line":225,"column":9}},"98":{"start":{"line":227,"column":8},"end":{"line":227,"column":24}},"99":{"start":{"line":237,"column":23},"end":{"line":237,"column":55}},"100":{"start":{"line":238,"column":24},"end":{"line":238,"column":65}},"101":{"start":{"line":239,"column":8},"end":{"line":257,"column":9}},"102":{"start":{"line":240,"column":29},"end":{"line":240,"column":81}},"103":{"start":{"line":241,"column":12},"end":{"line":241,"column":61}},"104":{"start":{"line":243,"column":12},"end":{"line":243,"column":31}},"105":{"start":{"line":244,"column":12},"end":{"line":256,"column":13}},"106":{"start":{"line":245,"column":16},"end":{"line":249,"column":18}},"107":{"start":{"line":251,"column":16},"end":{"line":255,"column":18}},"108":{"start":{"line":262,"column":0},"end":{"line":262,"column":30}}},"fnMap":{"0":{"name":"(anonymous_0)","decl":{"start":{"line":7,"column":4},"end":{"line":7,"column":5}},"loc":{"start":{"line":7,"column":33},"end":{"line":10,"column":5}},"line":7},"1":{"name":"(anonymous_1)","decl":{"start":{"line":16,"column":4},"end":{"line":16,"column":5}},"loc":{"start":{"line":16,"column":27},"end":{"line":57,"column":5}},"line":16},"2":{"name":"(anonymous_2)","decl":{"start":{"line":65,"column":4},"end":{"line":65,"column":5}},"loc":{"start":{"line":65,"column":35},"end":{"line":150,"column":5}},"line":65},"3":{"name":"(anonymous_3)","decl":{"start":{"line":162,"column":4},"end":{"line":162,"column":5}},"loc":{"start":{"line":162,"column":83},"end":{"line":207,"column":5}},"line":162},"4":{"name":"(anonymous_4)","decl":{"start":{"line":217,"column":4},"end":{"line":217,"column":5}},"loc":{"start":{"line":217,"column":48},"end":{"line":228,"column":5}},"line":217},"5":{"name":"(anonymous_5)","decl":{"start":{"line":236,"column":4},"end":{"line":236,"column":5}},"loc":{"start":{"line":236,"column":49},"end":{"line":258,"column":5}},"line":236}},"branchMap":{"0":{"loc":{"start":{"line":21,"column":8},"end":{"line":44,"column":9}},"type":"if","locations":[{"start":{"line":21,"column":8},"end":{"line":44,"column":9}},{"start":{"line":21,"column":8},"end":{"line":44,"column":9}}],"line":21},"1":{"loc":{"start":{"line":21,"column":12},"end":{"line":21,"column":64}},"type":"binary-expr","locations":[{"start":{"line":21,"column":12},"end":{"line":21,"column":31}},{"start":{"line":21,"column":35},"end":{"line":21,"column":64}}],"line":21},"2":{"loc":{"start":{"line":25,"column":12},"end":{"line":34,"column":13}},"type":"if","locations":[{"start":{"line":25,"column":12},"end":{"line":34,"column":13}},{"start":{"line":25,"column":12},"end":{"line":34,"column":13}}],"line":25},"3":{"loc":{"start":{"line":25,"column":16},"end":{"line":25,"column":64}},"type":"binary-expr","locations":[{"start":{"line":25,"column":16},"end":{"line":25,"column":39}},{"start":{"line":25,"column":43},"end":{"line":25,"column":64}}],"line":25},"4":{"loc":{"start":{"line":29,"column":16},"end":{"line":33,"column":17}},"type":"if","locations":[{"start":{"line":29,"column":16},"end":{"line":33,"column":17}},{"start":{"line":29,"column":16},"end":{"line":33,"column":17}}],"line":29},"5":{"loc":{"start":{"line":37,"column":12},"end":{"line":39,"column":13}},"type":"if","locations":[{"start":{"line":37,"column":12},"end":{"line":39,"column":13}},{"start":{"line":37,"column":12},"end":{"line":39,"column":13}}],"line":37},"6":{"loc":{"start":{"line":48,"column":8},"end":{"line":54,"column":9}},"type":"if","locations":[{"start":{"line":48,"column":8},"end":{"line":54,"column":9}},{"start":{"line":48,"column":8},"end":{"line":54,"column":9}}],"line":48},"7":{"loc":{"start":{"line":66,"column":8},"end":{"line":72,"column":9}},"type":"if","locations":[{"start":{"line":66,"column":8},"end":{"line":72,"column":9}},{"start":{"line":66,"column":8},"end":{"line":72,"column":9}}],"line":66},"8":{"loc":{"start":{"line":70,"column":12},"end":{"line":70,"column":84}},"type":"if","locations":[{"start":{"line":70,"column":12},"end":{"line":70,"column":84}},{"start":{"line":70,"column":12},"end":{"line":70,"column":84}}],"line":70},"9":{"loc":{"start":{"line":71,"column":12},"end":{"line":71,"column":87}},"type":"if","locations":[{"start":{"line":71,"column":12},"end":{"line":71,"column":87}},{"start":{"line":71,"column":12},"end":{"line":71,"column":87}}],"line":71},"10":{"loc":{"start":{"line":77,"column":12},"end":{"line":146,"column":13}},"type":"if","locations":[{"start":{"line":77,"column":12},"end":{"line":146,"column":13}},{"start":{"line":77,"column":12},"end":{"line":146,"column":13}}],"line":77},"11":{"loc":{"start":{"line":80,"column":16},"end":{"line":83,"column":17}},"type":"if","locations":[{"start":{"line":80,"column":16},"end":{"line":83,"column":17}},{"start":{"line":80,"column":16},"end":{"line":83,"column":17}}],"line":80},"12":{"loc":{"start":{"line":90,"column":16},"end":{"line":125,"column":17}},"type":"if","locations":[{"start":{"line":90,"column":16},"end":{"line":125,"column":17}},{"start":{"line":90,"column":16},"end":{"line":125,"column":17}}],"line":90},"13":{"loc":{"start":{"line":91,"column":20},"end":{"line":107,"column":21}},"type":"if","locations":[{"start":{"line":91,"column":20},"end":{"line":107,"column":21}},{"start":{"line":91,"column":20},"end":{"line":107,"column":21}}],"line":91},"14":{"loc":{"start":{"line":93,"column":24},"end":{"line":105,"column":25}},"type":"if","locations":[{"start":{"line":93,"column":24},"end":{"line":105,"column":25}},{"start":{"line":93,"column":24},"end":{"line":105,"column":25}}],"line":93},"15":{"loc":{"start":{"line":93,"column":28},"end":{"line":93,"column":61}},"type":"binary-expr","locations":[{"start":{"line":93,"column":28},"end":{"line":93,"column":39}},{"start":{"line":93,"column":43},"end":{"line":93,"column":61}}],"line":93},"16":{"loc":{"start":{"line":95,"column":28},"end":{"line":99,"column":29}},"type":"if","locations":[{"start":{"line":95,"column":28},"end":{"line":99,"column":29}},{"start":{"line":95,"column":28},"end":{"line":99,"column":29}}],"line":95},"17":{"loc":{"start":{"line":102,"column":28},"end":{"line":104,"column":29}},"type":"if","locations":[{"start":{"line":102,"column":28},"end":{"line":104,"column":29}},{"start":{"line":102,"column":28},"end":{"line":104,"column":29}}],"line":102},"18":{"loc":{"start":{"line":106,"column":24},"end":{"line":106,"column":79}},"type":"cond-expr","locations":[{"start":{"line":106,"column":38},"end":{"line":106,"column":57}},{"start":{"line":106,"column":60},"end":{"line":106,"column":79}}],"line":106},"19":{"loc":{"start":{"line":108,"column":20},"end":{"line":124,"column":21}},"type":"if","locations":[{"start":{"line":108,"column":20},"end":{"line":124,"column":21}},{"start":{"line":108,"column":20},"end":{"line":124,"column":21}}],"line":108},"20":{"loc":{"start":{"line":110,"column":24},"end":{"line":122,"column":25}},"type":"if","locations":[{"start":{"line":110,"column":24},"end":{"line":122,"column":25}},{"start":{"line":110,"column":24},"end":{"line":122,"column":25}}],"line":110},"21":{"loc":{"start":{"line":110,"column":28},"end":{"line":110,"column":59}},"type":"binary-expr","locations":[{"start":{"line":110,"column":28},"end":{"line":110,"column":38}},{"start":{"line":110,"column":42},"end":{"line":110,"column":59}}],"line":110},"22":{"loc":{"start":{"line":112,"column":28},"end":{"line":116,"column":29}},"type":"if","locations":[{"start":{"line":112,"column":28},"end":{"line":116,"column":29}},{"start":{"line":112,"column":28},"end":{"line":116,"column":29}}],"line":112},"23":{"loc":{"start":{"line":119,"column":28},"end":{"line":121,"column":29}},"type":"if","locations":[{"start":{"line":119,"column":28},"end":{"line":121,"column":29}},{"start":{"line":119,"column":28},"end":{"line":121,"column":29}}],"line":119},"24":{"loc":{"start":{"line":123,"column":24},"end":{"line":123,"column":75}},"type":"cond-expr","locations":[{"start":{"line":123,"column":37},"end":{"line":123,"column":55}},{"start":{"line":123,"column":58},"end":{"line":123,"column":75}}],"line":123},"25":{"loc":{"start":{"line":129,"column":19},"end":{"line":146,"column":13}},"type":"if","locations":[{"start":{"line":129,"column":19},"end":{"line":146,"column":13}},{"start":{"line":129,"column":19},"end":{"line":146,"column":13}}],"line":129},"26":{"loc":{"start":{"line":173,"column":12},"end":{"line":175,"column":13}},"type":"if","locations":[{"start":{"line":173,"column":12},"end":{"line":175,"column":13}},{"start":{"line":173,"column":12},"end":{"line":175,"column":13}}],"line":173},"27":{"loc":{"start":{"line":176,"column":12},"end":{"line":178,"column":13}},"type":"if","locations":[{"start":{"line":176,"column":12},"end":{"line":178,"column":13}},{"start":{"line":176,"column":12},"end":{"line":178,"column":13}}],"line":176},"28":{"loc":{"start":{"line":181,"column":12},"end":{"line":185,"column":13}},"type":"if","locations":[{"start":{"line":181,"column":12},"end":{"line":185,"column":13}},{"start":{"line":181,"column":12},"end":{"line":185,"column":13}}],"line":181},"29":{"loc":{"start":{"line":202,"column":24},"end":{"line":202,"column":61}},"type":"cond-expr","locations":[{"start":{"line":202,"column":41},"end":{"line":202,"column":55}},{"start":{"line":202,"column":58},"end":{"line":202,"column":61}}],"line":202},"30":{"loc":{"start":{"line":218,"column":24},"end":{"line":218,"column":89}},"type":"cond-expr","locations":[{"start":{"line":218,"column":58},"end":{"line":218,"column":85}},{"start":{"line":218,"column":88},"end":{"line":218,"column":89}}],"line":218},"31":{"loc":{"start":{"line":238,"column":24},"end":{"line":238,"column":65}},"type":"cond-expr","locations":[{"start":{"line":238,"column":52},"end":{"line":238,"column":61}},{"start":{"line":238,"column":64},"end":{"line":238,"column":65}}],"line":238},"32":{"loc":{"start":{"line":244,"column":12},"end":{"line":256,"column":13}},"type":"if","locations":[{"start":{"line":244,"column":12},"end":{"line":256,"column":13}},{"start":{"line":244,"column":12},"end":{"line":256,"column":13}}],"line":244}},"s":{"0":2,"1":33,"2":33,"3":11,"4":11,"5":11,"6":11,"7":6,"8":6,"9":6,"10":1,"11":5,"12":4,"13":1,"14":3,"15":5,"16":5,"17":1,"18":5,"19":5,"20":5,"21":10,"22":10,"23":1,"24":9,"25":16,"26":13,"27":13,"28":3,"29":3,"30":3,"31":3,"32":16,"33":30,"34":30,"35":5,"36":5,"37":5,"38":5,"39":5,"40":5,"41":5,"42":5,"43":5,"44":5,"45":4,"46":4,"47":4,"48":2,"49":2,"50":1,"51":1,"52":2,"53":2,"54":1,"55":4,"56":4,"57":4,"58":4,"59":2,"60":2,"61":1,"62":1,"63":2,"64":2,"65":1,"66":4,"67":5,"68":5,"69":25,"70":4,"71":4,"72":4,"73":4,"74":3,"75":3,"76":3,"77":1,"78":21,"79":14,"80":7,"81":7,"82":7,"83":7,"84":6,"85":6,"86":6,"87":1,"88":6,"89":1,"90":6,"91":1,"92":5,"93":6,"94":6,"95":1,"96":4,"97":4,"98":4,"99":6,"100":6,"101":6,"102":6,"103":5,"104":2,"105":2,"106":1,"107":1,"108":2},"f":{"0":33,"1":11,"2":16,"3":7,"4":4,"5":6},"b":{"0":[6,5],"1":[11,8],"2":[1,5],"3":[6,1],"4":[1,3],"5":[1,4],"6":[1,9],"7":[13,3],"8":[3,0],"9":[3,0],"10":[5,25],"11":[5,0],"12":[4,1],"13":[4,0],"14":[2,2],"15":[4,2],"16":[1,1],"17":[1,1],"18":[0,4],"19":[4,0],"20":[2,2],"21":[4,2],"22":[1,1],"23":[1,1],"24":[0,4],"25":[4,21],"26":[1,5],"27":[1,5],"28":[1,5],"29":[0,1],"30":[3,1],"31":[5,1],"32":[1,1]},"_coverageSchema":"1a1c01bbd47fc00a2c39e90264f33305004495a9","hash":"b2fd9de087bfb780d188a56053bd9f98f50b64bb"}
,"/codebuild/output/src153285730/src/source/image-handler/image-request.js": {"path":"/codebuild/output/src153285730/src/source/image-handler/image-request.js","statementMap":{"0":{"start":{"line":4,"column":23},"end":{"line":4,"column":51}},"1":{"start":{"line":8,"column":8},"end":{"line":8,"column":21}},"2":{"start":{"line":9,"column":8},"end":{"line":9,"column":45}},"3":{"start":{"line":18,"column":8},"end":{"line":112,"column":9}},"4":{"start":{"line":20,"column":12},"end":{"line":57,"column":13}},"5":{"start":{"line":21,"column":31},"end":{"line":21,"column":48}},"6":{"start":{"line":22,"column":56},"end":{"line":22,"column":61}},"7":{"start":{"line":23,"column":16},"end":{"line":29,"column":17}},"8":{"start":{"line":24,"column":20},"end":{"line":28,"column":22}},"9":{"start":{"line":31,"column":38},"end":{"line":31,"column":59}},"10":{"start":{"line":32,"column":16},"end":{"line":56,"column":17}},"11":{"start":{"line":33,"column":37},"end":{"line":33,"column":130}},"12":{"start":{"line":34,"column":41},"end":{"line":34,"column":74}},"13":{"start":{"line":35,"column":33},"end":{"line":35,"column":125}},"14":{"start":{"line":38,"column":20},"end":{"line":44,"column":21}},"15":{"start":{"line":39,"column":24},"end":{"line":43,"column":26}},"16":{"start":{"line":46,"column":20},"end":{"line":48,"column":21}},"17":{"start":{"line":47,"column":24},"end":{"line":47,"column":36}},"18":{"start":{"line":50,"column":20},"end":{"line":50,"column":85}},"19":{"start":{"line":51,"column":20},"end":{"line":55,"column":22}},"20":{"start":{"line":59,"column":12},"end":{"line":59,"column":60}},"21":{"start":{"line":60,"column":12},"end":{"line":60,"column":73}},"22":{"start":{"line":61,"column":12},"end":{"line":61,"column":67}},"23":{"start":{"line":62,"column":12},"end":{"line":62,"column":71}},"24":{"start":{"line":63,"column":12},"end":{"line":63,"column":84}},"25":{"start":{"line":64,"column":12},"end":{"line":64,"column":75}},"26":{"start":{"line":66,"column":12},"end":{"line":68,"column":13}},"27":{"start":{"line":67,"column":16},"end":{"line":67,"column":36}},"28":{"start":{"line":71,"column":12},"end":{"line":75,"column":13}},"29":{"start":{"line":74,"column":16},"end":{"line":74,"column":41}},"30":{"start":{"line":82,"column":31},"end":{"line":82,"column":58}},"31":{"start":{"line":83,"column":12},"end":{"line":87,"column":13}},"32":{"start":{"line":84,"column":16},"end":{"line":84,"column":56}},"33":{"start":{"line":85,"column":19},"end":{"line":87,"column":13}},"34":{"start":{"line":86,"column":16},"end":{"line":86,"column":49}},"35":{"start":{"line":90,"column":12},"end":{"line":103,"column":13}},"36":{"start":{"line":91,"column":36},"end":{"line":91,"column":57}},"37":{"start":{"line":92,"column":39},"end":{"line":92,"column":78}},"38":{"start":{"line":94,"column":16},"end":{"line":94,"column":64}},"39":{"start":{"line":95,"column":16},"end":{"line":102,"column":17}},"40":{"start":{"line":96,"column":37},"end":{"line":96,"column":107}},"41":{"start":{"line":96,"column":75},"end":{"line":96,"column":103}},"42":{"start":{"line":97,"column":20},"end":{"line":101,"column":21}},"43":{"start":{"line":98,"column":45},"end":{"line":98,"column":67}},"44":{"start":{"line":99,"column":24},"end":{"line":99,"column":69}},"45":{"start":{"line":100,"column":24},"end":{"line":100,"column":54}},"46":{"start":{"line":105,"column":12},"end":{"line":105,"column":27}},"47":{"start":{"line":106,"column":12},"end":{"line":106,"column":39}},"48":{"start":{"line":108,"column":12},"end":{"line":108,"column":24}},"49":{"start":{"line":110,"column":12},"end":{"line":110,"column":31}},"50":{"start":{"line":111,"column":12},"end":{"line":111,"column":22}},"51":{"start":{"line":122,"column":30},"end":{"line":122,"column":58}},"52":{"start":{"line":123,"column":8},"end":{"line":153,"column":9}},"53":{"start":{"line":124,"column":34},"end":{"line":124,"column":82}},"54":{"start":{"line":126,"column":12},"end":{"line":130,"column":13}},"55":{"start":{"line":127,"column":16},"end":{"line":127,"column":61}},"56":{"start":{"line":129,"column":16},"end":{"line":129,"column":43}},"57":{"start":{"line":132,"column":12},"end":{"line":134,"column":13}},"58":{"start":{"line":133,"column":16},"end":{"line":133,"column":77}},"59":{"start":{"line":136,"column":12},"end":{"line":138,"column":13}},"60":{"start":{"line":137,"column":16},"end":{"line":137,"column":87}},"61":{"start":{"line":140,"column":12},"end":{"line":144,"column":13}},"62":{"start":{"line":141,"column":16},"end":{"line":141,"column":63}},"63":{"start":{"line":143,"column":16},"end":{"line":143,"column":62}},"64":{"start":{"line":146,"column":12},"end":{"line":146,"column":38}},"65":{"start":{"line":148,"column":12},"end":{"line":152,"column":14}},"66":{"start":{"line":163,"column":8},"end":{"line":193,"column":9}},"67":{"start":{"line":165,"column":28},"end":{"line":165,"column":53}},"68":{"start":{"line":166,"column":12},"end":{"line":182,"column":13}},"69":{"start":{"line":168,"column":38},"end":{"line":168,"column":68}},"70":{"start":{"line":169,"column":16},"end":{"line":177,"column":17}},"71":{"start":{"line":170,"column":20},"end":{"line":170,"column":42}},"72":{"start":{"line":172,"column":20},"end":{"line":176,"column":23}},"73":{"start":{"line":180,"column":38},"end":{"line":180,"column":68}},"74":{"start":{"line":181,"column":16},"end":{"line":181,"column":40}},"75":{"start":{"line":183,"column":15},"end":{"line":193,"column":9}},"76":{"start":{"line":185,"column":34},"end":{"line":185,"column":64}},"77":{"start":{"line":186,"column":12},"end":{"line":186,"column":36}},"78":{"start":{"line":188,"column":12},"end":{"line":192,"column":15}},"79":{"start":{"line":202,"column":8},"end":{"line":220,"column":9}},"80":{"start":{"line":203,"column":28},"end":{"line":203,"column":53}},"81":{"start":{"line":204,"column":12},"end":{"line":204,"column":33}},"82":{"start":{"line":205,"column":15},"end":{"line":220,"column":9}},"83":{"start":{"line":206,"column":35},"end":{"line":206,"column":55}},"84":{"start":{"line":207,"column":12},"end":{"line":207,"column":42}},"85":{"start":{"line":208,"column":12},"end":{"line":208,"column":40}},"86":{"start":{"line":209,"column":15},"end":{"line":220,"column":9}},"87":{"start":{"line":210,"column":35},"end":{"line":210,"column":55}},"88":{"start":{"line":211,"column":31},"end":{"line":211,"column":73}},"89":{"start":{"line":212,"column":12},"end":{"line":212,"column":47}},"90":{"start":{"line":213,"column":12},"end":{"line":213,"column":40}},"91":{"start":{"line":215,"column":12},"end":{"line":219,"column":15}},"92":{"start":{"line":230,"column":8},"end":{"line":234,"column":9}},"93":{"start":{"line":232,"column":28},"end":{"line":232,"column":53}},"94":{"start":{"line":233,"column":12},"end":{"line":233,"column":31}},"95":{"start":{"line":236,"column":8},"end":{"line":254,"column":9}},"96":{"start":{"line":237,"column":27},"end":{"line":237,"column":32}},"97":{"start":{"line":239,"column":12},"end":{"line":252,"column":13}},"98":{"start":{"line":240,"column":37},"end":{"line":240,"column":70}},"99":{"start":{"line":241,"column":37},"end":{"line":241,"column":69}},"100":{"start":{"line":243,"column":16},"end":{"line":251,"column":17}},"101":{"start":{"line":244,"column":43},"end":{"line":244,"column":66}},"102":{"start":{"line":245,"column":34},"end":{"line":245,"column":54}},"103":{"start":{"line":246,"column":48},"end":{"line":246,"column":109}},"104":{"start":{"line":247,"column":35},"end":{"line":247,"column":73}},"105":{"start":{"line":248,"column":20},"end":{"line":248,"column":62}},"106":{"start":{"line":250,"column":20},"end":{"line":250,"column":68}},"107":{"start":{"line":253,"column":12},"end":{"line":253,"column":143}},"108":{"start":{"line":257,"column":8},"end":{"line":261,"column":11}},"109":{"start":{"line":272,"column":21},"end":{"line":272,"column":34}},"110":{"start":{"line":273,"column":29},"end":{"line":273,"column":115}},"111":{"start":{"line":274,"column":29},"end":{"line":274,"column":134}},"112":{"start":{"line":275,"column":28},"end":{"line":275,"column":80}},"113":{"start":{"line":277,"column":12},"end":{"line":280,"column":60}},"114":{"start":{"line":283,"column":8},"end":{"line":295,"column":9}},"115":{"start":{"line":284,"column":12},"end":{"line":284,"column":29}},"116":{"start":{"line":285,"column":15},"end":{"line":295,"column":9}},"117":{"start":{"line":286,"column":12},"end":{"line":286,"column":28}},"118":{"start":{"line":287,"column":15},"end":{"line":295,"column":9}},"119":{"start":{"line":288,"column":12},"end":{"line":288,"column":29}},"120":{"start":{"line":290,"column":12},"end":{"line":294,"column":14}},"121":{"start":{"line":305,"column":8},"end":{"line":310,"column":9}},"122":{"start":{"line":306,"column":28},"end":{"line":306,"column":53}},"123":{"start":{"line":307,"column":12},"end":{"line":309,"column":13}},"124":{"start":{"line":308,"column":16},"end":{"line":308,"column":39}},"125":{"start":{"line":312,"column":8},"end":{"line":312,"column":25}},"126":{"start":{"line":321,"column":21},"end":{"line":321,"column":34}},"127":{"start":{"line":322,"column":8},"end":{"line":341,"column":9}},"128":{"start":{"line":323,"column":28},"end":{"line":323,"column":73}},"129":{"start":{"line":324,"column":29},"end":{"line":324,"column":59}},"130":{"start":{"line":325,"column":12},"end":{"line":334,"column":13}},"131":{"start":{"line":327,"column":16},"end":{"line":327,"column":55}},"132":{"start":{"line":329,"column":16},"end":{"line":333,"column":19}},"133":{"start":{"line":336,"column":12},"end":{"line":340,"column":15}},"134":{"start":{"line":350,"column":30},"end":{"line":350,"column":56}},"135":{"start":{"line":351,"column":8},"end":{"line":361,"column":9}},"136":{"start":{"line":352,"column":12},"end":{"line":356,"column":15}},"137":{"start":{"line":358,"column":30},"end":{"line":358,"column":63}},"138":{"start":{"line":359,"column":28},"end":{"line":359,"column":48}},"139":{"start":{"line":360,"column":12},"end":{"line":360,"column":27}},"140":{"start":{"line":369,"column":25},"end":{"line":369,"column":46}},"141":{"start":{"line":370,"column":8},"end":{"line":375,"column":9}},"142":{"start":{"line":371,"column":12},"end":{"line":371,"column":26}},"143":{"start":{"line":372,"column":15},"end":{"line":375,"column":9}},"144":{"start":{"line":373,"column":28},"end":{"line":373,"column":53}},"145":{"start":{"line":374,"column":12},"end":{"line":374,"column":40}},"146":{"start":{"line":377,"column":8},"end":{"line":377,"column":20}},"147":{"start":{"line":382,"column":0},"end":{"line":382,"column":30}}},"fnMap":{"0":{"name":"(anonymous_0)","decl":{"start":{"line":7,"column":4},"end":{"line":7,"column":5}},"loc":{"start":{"line":7,"column":36},"end":{"line":10,"column":5}},"line":7},"1":{"name":"(anonymous_1)","decl":{"start":{"line":17,"column":4},"end":{"line":17,"column":5}},"loc":{"start":{"line":17,"column":23},"end":{"line":113,"column":5}},"line":17},"2":{"name":"(anonymous_2)","decl":{"start":{"line":96,"column":68},"end":{"line":96,"column":69}},"loc":{"start":{"line":96,"column":75},"end":{"line":96,"column":103}},"line":96},"3":{"name":"(anonymous_3)","decl":{"start":{"line":121,"column":4},"end":{"line":121,"column":5}},"loc":{"start":{"line":121,"column":40},"end":{"line":154,"column":5}},"line":121},"4":{"name":"(anonymous_4)","decl":{"start":{"line":162,"column":4},"end":{"line":162,"column":5}},"loc":{"start":{"line":162,"column":41},"end":{"line":194,"column":5}},"line":162},"5":{"name":"(anonymous_5)","decl":{"start":{"line":201,"column":4},"end":{"line":201,"column":5}},"loc":{"start":{"line":201,"column":40},"end":{"line":221,"column":5}},"line":201},"6":{"name":"(anonymous_6)","decl":{"start":{"line":229,"column":4},"end":{"line":229,"column":5}},"loc":{"start":{"line":229,"column":38},"end":{"line":262,"column":5}},"line":229},"7":{"name":"(anonymous_7)","decl":{"start":{"line":271,"column":4},"end":{"line":271,"column":5}},"loc":{"start":{"line":271,"column":28},"end":{"line":296,"column":5}},"line":271},"8":{"name":"(anonymous_8)","decl":{"start":{"line":304,"column":4},"end":{"line":304,"column":5}},"loc":{"start":{"line":304,"column":42},"end":{"line":313,"column":5}},"line":304},"9":{"name":"(anonymous_9)","decl":{"start":{"line":320,"column":4},"end":{"line":320,"column":5}},"loc":{"start":{"line":320,"column":25},"end":{"line":342,"column":5}},"line":320},"10":{"name":"(anonymous_10)","decl":{"start":{"line":349,"column":4},"end":{"line":349,"column":5}},"loc":{"start":{"line":349,"column":30},"end":{"line":362,"column":5}},"line":349},"11":{"name":"(anonymous_11)","decl":{"start":{"line":368,"column":4},"end":{"line":368,"column":5}},"loc":{"start":{"line":368,"column":27},"end":{"line":378,"column":5}},"line":368}},"branchMap":{"0":{"loc":{"start":{"line":20,"column":12},"end":{"line":57,"column":13}},"type":"if","locations":[{"start":{"line":20,"column":12},"end":{"line":57,"column":13}},{"start":{"line":20,"column":12},"end":{"line":57,"column":13}}],"line":20},"1":{"loc":{"start":{"line":23,"column":16},"end":{"line":29,"column":17}},"type":"if","locations":[{"start":{"line":23,"column":16},"end":{"line":29,"column":17}},{"start":{"line":23,"column":16},"end":{"line":29,"column":17}}],"line":23},"2":{"loc":{"start":{"line":23,"column":20},"end":{"line":23,"column":78}},"type":"binary-expr","locations":[{"start":{"line":23,"column":20},"end":{"line":23,"column":42}},{"start":{"line":23,"column":46},"end":{"line":23,"column":78}}],"line":23},"3":{"loc":{"start":{"line":38,"column":20},"end":{"line":44,"column":21}},"type":"if","locations":[{"start":{"line":38,"column":20},"end":{"line":44,"column":21}},{"start":{"line":38,"column":20},"end":{"line":44,"column":21}}],"line":38},"4":{"loc":{"start":{"line":46,"column":20},"end":{"line":48,"column":21}},"type":"if","locations":[{"start":{"line":46,"column":20},"end":{"line":48,"column":21}},{"start":{"line":46,"column":20},"end":{"line":48,"column":21}}],"line":46},"5":{"loc":{"start":{"line":66,"column":12},"end":{"line":68,"column":13}},"type":"if","locations":[{"start":{"line":66,"column":12},"end":{"line":68,"column":13}},{"start":{"line":66,"column":12},"end":{"line":68,"column":13}}],"line":66},"6":{"loc":{"start":{"line":71,"column":12},"end":{"line":75,"column":13}},"type":"if","locations":[{"start":{"line":71,"column":12},"end":{"line":75,"column":13}},{"start":{"line":71,"column":12},"end":{"line":75,"column":13}}],"line":71},"7":{"loc":{"start":{"line":71,"column":16},"end":{"line":73,"column":39}},"type":"binary-expr","locations":[{"start":{"line":71,"column":16},"end":{"line":71,"column":52}},{"start":{"line":72,"column":19},"end":{"line":72,"column":29}},{"start":{"line":72,"column":33},"end":{"line":72,"column":67}},{"start":{"line":73,"column":19},"end":{"line":73,"column":39}}],"line":71},"8":{"loc":{"start":{"line":83,"column":12},"end":{"line":87,"column":13}},"type":"if","locations":[{"start":{"line":83,"column":12},"end":{"line":87,"column":13}},{"start":{"line":83,"column":12},"end":{"line":87,"column":13}}],"line":83},"9":{"loc":{"start":{"line":83,"column":16},"end":{"line":83,"column":49}},"type":"binary-expr","locations":[{"start":{"line":83,"column":16},"end":{"line":83,"column":26}},{"start":{"line":83,"column":30},"end":{"line":83,"column":49}}],"line":83},"10":{"loc":{"start":{"line":85,"column":19},"end":{"line":87,"column":13}},"type":"if","locations":[{"start":{"line":85,"column":19},"end":{"line":87,"column":13}},{"start":{"line":85,"column":19},"end":{"line":87,"column":13}}],"line":85},"11":{"loc":{"start":{"line":90,"column":12},"end":{"line":103,"column":13}},"type":"if","locations":[{"start":{"line":90,"column":12},"end":{"line":103,"column":13}},{"start":{"line":90,"column":12},"end":{"line":103,"column":13}}],"line":90},"12":{"loc":{"start":{"line":95,"column":16},"end":{"line":102,"column":17}},"type":"if","locations":[{"start":{"line":95,"column":16},"end":{"line":102,"column":17}},{"start":{"line":95,"column":16},"end":{"line":102,"column":17}}],"line":95},"13":{"loc":{"start":{"line":95,"column":20},"end":{"line":95,"column":104}},"type":"binary-expr","locations":[{"start":{"line":95,"column":20},"end":{"line":95,"column":58}},{"start":{"line":95,"column":62},"end":{"line":95,"column":104}}],"line":95},"14":{"loc":{"start":{"line":97,"column":20},"end":{"line":101,"column":21}},"type":"if","locations":[{"start":{"line":97,"column":20},"end":{"line":101,"column":21}},{"start":{"line":97,"column":20},"end":{"line":101,"column":21}}],"line":97},"15":{"loc":{"start":{"line":97,"column":24},"end":{"line":97,"column":72}},"type":"binary-expr","locations":[{"start":{"line":97,"column":24},"end":{"line":97,"column":34}},{"start":{"line":97,"column":39},"end":{"line":97,"column":71}}],"line":97},"16":{"loc":{"start":{"line":126,"column":12},"end":{"line":130,"column":13}},"type":"if","locations":[{"start":{"line":126,"column":12},"end":{"line":130,"column":13}},{"start":{"line":126,"column":12},"end":{"line":130,"column":13}}],"line":126},"17":{"loc":{"start":{"line":132,"column":12},"end":{"line":134,"column":13}},"type":"if","locations":[{"start":{"line":132,"column":12},"end":{"line":134,"column":13}},{"start":{"line":132,"column":12},"end":{"line":134,"column":13}}],"line":132},"18":{"loc":{"start":{"line":136,"column":12},"end":{"line":138,"column":13}},"type":"if","locations":[{"start":{"line":136,"column":12},"end":{"line":138,"column":13}},{"start":{"line":136,"column":12},"end":{"line":138,"column":13}}],"line":136},"19":{"loc":{"start":{"line":140,"column":12},"end":{"line":144,"column":13}},"type":"if","locations":[{"start":{"line":140,"column":12},"end":{"line":144,"column":13}},{"start":{"line":140,"column":12},"end":{"line":144,"column":13}}],"line":140},"20":{"loc":{"start":{"line":149,"column":24},"end":{"line":149,"column":62}},"type":"cond-expr","locations":[{"start":{"line":149,"column":53},"end":{"line":149,"column":56}},{"start":{"line":149,"column":59},"end":{"line":149,"column":62}}],"line":149},"21":{"loc":{"start":{"line":163,"column":8},"end":{"line":193,"column":9}},"type":"if","locations":[{"start":{"line":163,"column":8},"end":{"line":193,"column":9}},{"start":{"line":163,"column":8},"end":{"line":193,"column":9}}],"line":163},"22":{"loc":{"start":{"line":166,"column":12},"end":{"line":182,"column":13}},"type":"if","locations":[{"start":{"line":166,"column":12},"end":{"line":182,"column":13}},{"start":{"line":166,"column":12},"end":{"line":182,"column":13}}],"line":166},"23":{"loc":{"start":{"line":169,"column":16},"end":{"line":177,"column":17}},"type":"if","locations":[{"start":{"line":169,"column":16},"end":{"line":177,"column":17}},{"start":{"line":169,"column":16},"end":{"line":177,"column":17}}],"line":169},"24":{"loc":{"start":{"line":169,"column":20},"end":{"line":169,"column":124}},"type":"binary-expr","locations":[{"start":{"line":169,"column":20},"end":{"line":169,"column":58}},{"start":{"line":169,"column":62},"end":{"line":169,"column":124}}],"line":169},"25":{"loc":{"start":{"line":183,"column":15},"end":{"line":193,"column":9}},"type":"if","locations":[{"start":{"line":183,"column":15},"end":{"line":193,"column":9}},{"start":{"line":183,"column":15},"end":{"line":193,"column":9}}],"line":183},"26":{"loc":{"start":{"line":183,"column":19},"end":{"line":183,"column":72}},"type":"binary-expr","locations":[{"start":{"line":183,"column":19},"end":{"line":183,"column":44}},{"start":{"line":183,"column":48},"end":{"line":183,"column":72}}],"line":183},"27":{"loc":{"start":{"line":202,"column":8},"end":{"line":220,"column":9}},"type":"if","locations":[{"start":{"line":202,"column":8},"end":{"line":220,"column":9}},{"start":{"line":202,"column":8},"end":{"line":220,"column":9}}],"line":202},"28":{"loc":{"start":{"line":205,"column":15},"end":{"line":220,"column":9}},"type":"if","locations":[{"start":{"line":205,"column":15},"end":{"line":220,"column":9}},{"start":{"line":205,"column":15},"end":{"line":220,"column":9}}],"line":205},"29":{"loc":{"start":{"line":209,"column":15},"end":{"line":220,"column":9}},"type":"if","locations":[{"start":{"line":209,"column":15},"end":{"line":220,"column":9}},{"start":{"line":209,"column":15},"end":{"line":220,"column":9}}],"line":209},"30":{"loc":{"start":{"line":230,"column":8},"end":{"line":234,"column":9}},"type":"if","locations":[{"start":{"line":230,"column":8},"end":{"line":234,"column":9}},{"start":{"line":230,"column":8},"end":{"line":234,"column":9}}],"line":230},"31":{"loc":{"start":{"line":236,"column":8},"end":{"line":254,"column":9}},"type":"if","locations":[{"start":{"line":236,"column":8},"end":{"line":254,"column":9}},{"start":{"line":236,"column":8},"end":{"line":254,"column":9}}],"line":236},"32":{"loc":{"start":{"line":236,"column":12},"end":{"line":236,"column":65}},"type":"binary-expr","locations":[{"start":{"line":236,"column":12},"end":{"line":236,"column":37}},{"start":{"line":236,"column":41},"end":{"line":236,"column":65}}],"line":236},"33":{"loc":{"start":{"line":239,"column":12},"end":{"line":252,"column":13}},"type":"if","locations":[{"start":{"line":239,"column":12},"end":{"line":252,"column":13}},{"start":{"line":239,"column":12},"end":{"line":252,"column":13}}],"line":239},"34":{"loc":{"start":{"line":243,"column":16},"end":{"line":251,"column":17}},"type":"if","locations":[{"start":{"line":243,"column":16},"end":{"line":251,"column":17}},{"start":{"line":243,"column":16},"end":{"line":251,"column":17}}],"line":243},"35":{"loc":{"start":{"line":277,"column":12},"end":{"line":280,"column":60}},"type":"binary-expr","locations":[{"start":{"line":277,"column":13},"end":{"line":277,"column":53}},{"start":{"line":278,"column":13},"end":{"line":278,"column":52}},{"start":{"line":279,"column":13},"end":{"line":279,"column":60}},{"start":{"line":280,"column":13},"end":{"line":280,"column":59}}],"line":277},"36":{"loc":{"start":{"line":283,"column":8},"end":{"line":295,"column":9}},"type":"if","locations":[{"start":{"line":283,"column":8},"end":{"line":295,"column":9}},{"start":{"line":283,"column":8},"end":{"line":295,"column":9}}],"line":283},"37":{"loc":{"start":{"line":285,"column":15},"end":{"line":295,"column":9}},"type":"if","locations":[{"start":{"line":285,"column":15},"end":{"line":295,"column":9}},{"start":{"line":285,"column":15},"end":{"line":295,"column":9}}],"line":285},"38":{"loc":{"start":{"line":285,"column":19},"end":{"line":285,"column":72}},"type":"binary-expr","locations":[{"start":{"line":285,"column":19},"end":{"line":285,"column":41}},{"start":{"line":285,"column":45},"end":{"line":285,"column":72}}],"line":285},"39":{"loc":{"start":{"line":287,"column":15},"end":{"line":295,"column":9}},"type":"if","locations":[{"start":{"line":287,"column":15},"end":{"line":295,"column":9}},{"start":{"line":287,"column":15},"end":{"line":295,"column":9}}],"line":287},"40":{"loc":{"start":{"line":305,"column":8},"end":{"line":310,"column":9}},"type":"if","locations":[{"start":{"line":305,"column":8},"end":{"line":310,"column":9}},{"start":{"line":305,"column":8},"end":{"line":310,"column":9}}],"line":305},"41":{"loc":{"start":{"line":307,"column":12},"end":{"line":309,"column":13}},"type":"if","locations":[{"start":{"line":307,"column":12},"end":{"line":309,"column":13}},{"start":{"line":307,"column":12},"end":{"line":309,"column":13}}],"line":307},"42":{"loc":{"start":{"line":322,"column":8},"end":{"line":341,"column":9}},"type":"if","locations":[{"start":{"line":322,"column":8},"end":{"line":341,"column":9}},{"start":{"line":322,"column":8},"end":{"line":341,"column":9}}],"line":322},"43":{"loc":{"start":{"line":323,"column":28},"end":{"line":323,"column":73}},"type":"cond-expr","locations":[{"start":{"line":323,"column":53},"end":{"line":323,"column":66}},{"start":{"line":323,"column":69},"end":{"line":323,"column":73}}],"line":323},"44":{"loc":{"start":{"line":351,"column":8},"end":{"line":361,"column":9}},"type":"if","locations":[{"start":{"line":351,"column":8},"end":{"line":361,"column":9}},{"start":{"line":351,"column":8},"end":{"line":361,"column":9}}],"line":351},"45":{"loc":{"start":{"line":370,"column":8},"end":{"line":375,"column":9}},"type":"if","locations":[{"start":{"line":370,"column":8},"end":{"line":375,"column":9}},{"start":{"line":370,"column":8},"end":{"line":375,"column":9}}],"line":370},"46":{"loc":{"start":{"line":370,"column":12},"end":{"line":370,"column":101}},"type":"binary-expr","locations":[{"start":{"line":370,"column":12},"end":{"line":370,"column":30}},{"start":{"line":370,"column":34},"end":{"line":370,"column":54}},{"start":{"line":370,"column":58},"end":{"line":370,"column":101}}],"line":370},"47":{"loc":{"start":{"line":372,"column":15},"end":{"line":375,"column":9}},"type":"if","locations":[{"start":{"line":372,"column":15},"end":{"line":375,"column":9}},{"start":{"line":372,"column":15},"end":{"line":375,"column":9}}],"line":372}},"s":{"0":2,"1":60,"2":60,"3":25,"4":25,"5":5,"6":5,"7":5,"8":2,"9":3,"10":3,"11":3,"12":2,"13":2,"14":2,"15":1,"16":2,"17":1,"18":1,"19":1,"20":21,"21":21,"22":20,"23":20,"24":20,"25":14,"26":14,"27":12,"28":14,"29":1,"30":14,"31":14,"32":4,"33":10,"34":2,"35":14,"36":7,"37":7,"38":7,"39":7,"40":3,"41":4,"42":3,"43":1,"44":1,"45":1,"46":14,"47":14,"48":14,"49":11,"50":11,"51":23,"52":23,"53":23,"54":15,"55":8,"56":7,"57":15,"58":1,"59":15,"60":1,"61":15,"62":1,"63":14,"64":15,"65":8,"66":27,"67":10,"68":10,"69":9,"70":9,"71":7,"72":2,"73":1,"74":1,"75":17,"76":16,"77":16,"78":1,"79":24,"80":7,"81":7,"82":17,"83":14,"84":14,"85":14,"86":3,"87":2,"88":2,"89":2,"90":2,"91":1,"92":26,"93":8,"94":8,"95":18,"96":17,"97":17,"98":3,"99":3,"100":3,"101":1,"102":1,"103":1,"104":1,"105":1,"106":2,"107":17,"108":1,"109":25,"110":25,"111":25,"112":25,"113":25,"114":25,"115":8,"116":17,"117":2,"118":15,"119":14,"120":1,"121":17,"122":8,"123":8,"124":3,"125":14,"126":42,"127":42,"128":41,"129":41,"130":41,"131":41,"132":1,"133":1,"134":28,"135":28,"136":1,"137":27,"138":27,"139":27,"140":18,"141":18,"142":1,"143":17,"144":6,"145":6,"146":11,"147":2},"f":{"0":60,"1":25,"2":4,"3":23,"4":27,"5":24,"6":26,"7":25,"8":17,"9":42,"10":28,"11":18},"b":{"0":[5,20],"1":[2,3],"2":[5,4],"3":[1,1],"4":[1,1],"5":[12,2],"6":[1,13],"7":[14,3,3,2],"8":[4,10],"9":[14,12],"10":[2,8],"11":[7,7],"12":[3,4],"13":[7,3],"14":[1,2],"15":[3,1],"16":[8,7],"17":[1,14],"18":[1,14],"19":[1,14],"20":[6,2],"21":[10,17],"22":[9,1],"23":[7,2],"24":[9,2],"25":[16,1],"26":[17,3],"27":[7,17],"28":[14,3],"29":[2,1],"30":[8,18],"31":[17,1],"32":[18,4],"33":[3,14],"34":[1,2],"35":[25,25,25,2],"36":[8,17],"37":[2,15],"38":[17,16],"39":[14,1],"40":[8,9],"41":[3,5],"42":[41,1],"43":[36,5],"44":[1,27],"45":[1,17],"46":[18,2,2],"47":[6,11]},"_coverageSchema":"1a1c01bbd47fc00a2c39e90264f33305004495a9","hash":"16fc4c20cfe27e1966a2d69fb31b4277bd9cb8a8"}
,"/codebuild/output/src153285730/src/source/image-handler/index.js": {"path":"/codebuild/output/src153285730/src/source/image-handler/index.js","statementMap":{"0":{"start":{"line":4,"column":12},"end":{"line":4,"column":30}},"1":{"start":{"line":5,"column":11},"end":{"line":5,"column":23}},"2":{"start":{"line":6,"column":20},"end":{"line":6,"column":41}},"3":{"start":{"line":7,"column":23},"end":{"line":7,"column":47}},"4":{"start":{"line":9,"column":21},"end":{"line":9,"column":50}},"5":{"start":{"line":10,"column":21},"end":{"line":10,"column":50}},"6":{"start":{"line":12,"column":0},"end":{"line":87,"column":1}},"7":{"start":{"line":13,"column":4},"end":{"line":13,"column":23}},"8":{"start":{"line":14,"column":25},"end":{"line":14,"column":61}},"9":{"start":{"line":15,"column":25},"end":{"line":15,"column":58}},"10":{"start":{"line":16,"column":18},"end":{"line":16,"column":84}},"11":{"start":{"line":18,"column":4},"end":{"line":86,"column":5}},"12":{"start":{"line":19,"column":24},"end":{"line":19,"column":55}},"13":{"start":{"line":20,"column":8},"end":{"line":20,"column":29}},"14":{"start":{"line":22,"column":33},"end":{"line":22,"column":68}},"15":{"start":{"line":23,"column":24},"end":{"line":23,"column":56}},"16":{"start":{"line":24,"column":8},"end":{"line":24,"column":54}},"17":{"start":{"line":25,"column":8},"end":{"line":25,"column":45}},"18":{"start":{"line":26,"column":8},"end":{"line":26,"column":56}},"19":{"start":{"line":27,"column":8},"end":{"line":27,"column":56}},"20":{"start":{"line":29,"column":8},"end":{"line":34,"column":9}},"21":{"start":{"line":31,"column":12},"end":{"line":33,"column":13}},"22":{"start":{"line":32,"column":16},"end":{"line":32,"column":52}},"23":{"start":{"line":36,"column":8},"end":{"line":41,"column":10}},"24":{"start":{"line":43,"column":8},"end":{"line":43,"column":27}},"25":{"start":{"line":46,"column":8},"end":{"line":69,"column":9}},"26":{"start":{"line":51,"column":12},"end":{"line":68,"column":13}},"27":{"start":{"line":52,"column":31},"end":{"line":52,"column":72}},"28":{"start":{"line":53,"column":34},"end":{"line":53,"column":72}},"29":{"start":{"line":54,"column":45},"end":{"line":54,"column":109}},"30":{"start":{"line":55,"column":32},"end":{"line":55,"column":64}},"31":{"start":{"line":56,"column":16},"end":{"line":56,"column":75}},"32":{"start":{"line":57,"column":16},"end":{"line":57,"column":77}},"33":{"start":{"line":58,"column":16},"end":{"line":58,"column":69}},"34":{"start":{"line":60,"column":16},"end":{"line":65,"column":18}},"35":{"start":{"line":67,"column":16},"end":{"line":67,"column":97}},"36":{"start":{"line":71,"column":8},"end":{"line":85,"column":9}},"37":{"start":{"line":72,"column":12},"end":{"line":77,"column":14}},"38":{"start":{"line":79,"column":12},"end":{"line":84,"column":14}},"39":{"start":{"line":96,"column":27},"end":{"line":112,"column":1}},"40":{"start":{"line":97,"column":25},"end":{"line":97,"column":59}},"41":{"start":{"line":98,"column":20},"end":{"line":101,"column":5}},"42":{"start":{"line":102,"column":4},"end":{"line":104,"column":5}},"43":{"start":{"line":103,"column":8},"end":{"line":103,"column":59}},"44":{"start":{"line":105,"column":4},"end":{"line":107,"column":5}},"45":{"start":{"line":106,"column":8},"end":{"line":106,"column":73}},"46":{"start":{"line":108,"column":4},"end":{"line":110,"column":5}},"47":{"start":{"line":109,"column":8},"end":{"line":109,"column":52}},"48":{"start":{"line":111,"column":4},"end":{"line":111,"column":19}}},"fnMap":{"0":{"name":"(anonymous_0)","decl":{"start":{"line":12,"column":18},"end":{"line":12,"column":19}},"loc":{"start":{"line":12,"column":35},"end":{"line":87,"column":1}},"line":12},"1":{"name":"(anonymous_1)","decl":{"start":{"line":96,"column":27},"end":{"line":96,"column":28}},"loc":{"start":{"line":96,"column":61},"end":{"line":112,"column":1}},"line":96}},"branchMap":{"0":{"loc":{"start":{"line":16,"column":18},"end":{"line":16,"column":84}},"type":"binary-expr","locations":[{"start":{"line":16,"column":18},"end":{"line":16,"column":38}},{"start":{"line":16,"column":42},"end":{"line":16,"column":84}}],"line":16},"1":{"loc":{"start":{"line":29,"column":8},"end":{"line":34,"column":9}},"type":"if","locations":[{"start":{"line":29,"column":8},"end":{"line":34,"column":9}},{"start":{"line":29,"column":8},"end":{"line":34,"column":9}}],"line":29},"2":{"loc":{"start":{"line":46,"column":8},"end":{"line":69,"column":9}},"type":"if","locations":[{"start":{"line":46,"column":8},"end":{"line":69,"column":9}},{"start":{"line":46,"column":8},"end":{"line":69,"column":9}}],"line":46},"3":{"loc":{"start":{"line":46,"column":12},"end":{"line":50,"column":78}},"type":"binary-expr","locations":[{"start":{"line":46,"column":12},"end":{"line":46,"column":63}},{"start":{"line":47,"column":15},"end":{"line":47,"column":56}},{"start":{"line":48,"column":15},"end":{"line":48,"column":81}},{"start":{"line":49,"column":15},"end":{"line":49,"column":53}},{"start":{"line":50,"column":15},"end":{"line":50,"column":78}}],"line":46},"4":{"loc":{"start":{"line":61,"column":32},"end":{"line":61,"column":61}},"type":"cond-expr","locations":[{"start":{"line":61,"column":45},"end":{"line":61,"column":55}},{"start":{"line":61,"column":58},"end":{"line":61,"column":61}}],"line":61},"5":{"loc":{"start":{"line":71,"column":8},"end":{"line":85,"column":9}},"type":"if","locations":[{"start":{"line":71,"column":8},"end":{"line":85,"column":9}},{"start":{"line":71,"column":8},"end":{"line":85,"column":9}}],"line":71},"6":{"loc":{"start":{"line":96,"column":28},"end":{"line":96,"column":41}},"type":"default-arg","locations":[{"start":{"line":96,"column":36},"end":{"line":96,"column":41}}],"line":96},"7":{"loc":{"start":{"line":96,"column":43},"end":{"line":96,"column":56}},"type":"default-arg","locations":[{"start":{"line":96,"column":51},"end":{"line":96,"column":56}}],"line":96},"8":{"loc":{"start":{"line":102,"column":4},"end":{"line":104,"column":5}},"type":"if","locations":[{"start":{"line":102,"column":4},"end":{"line":104,"column":5}},{"start":{"line":102,"column":4},"end":{"line":104,"column":5}}],"line":102},"9":{"loc":{"start":{"line":105,"column":4},"end":{"line":107,"column":5}},"type":"if","locations":[{"start":{"line":105,"column":4},"end":{"line":107,"column":5}},{"start":{"line":105,"column":4},"end":{"line":107,"column":5}}],"line":105},"10":{"loc":{"start":{"line":108,"column":4},"end":{"line":110,"column":5}},"type":"if","locations":[{"start":{"line":108,"column":4},"end":{"line":110,"column":5}},{"start":{"line":108,"column":4},"end":{"line":110,"column":5}}],"line":108}},"s":{"0":1,"1":1,"2":1,"3":1,"4":1,"5":1,"6":1,"7":10,"8":10,"9":10,"10":10,"11":10,"12":10,"13":4,"14":4,"15":3,"16":3,"17":3,"18":3,"19":3,"20":3,"21":1,"22":1,"23":3,"24":7,"25":7,"26":2,"27":2,"28":2,"29":2,"30":1,"31":1,"32":1,"33":1,"34":1,"35":1,"36":6,"37":5,"38":1,"39":1,"40":10,"41":10,"42":10,"43":8,"44":10,"45":5,"46":10,"47":6,"48":10},"f":{"0":10,"1":10},"b":{"0":[10,2],"1":[1,2],"2":[2,5],"3":[7,5,3,3,2],"4":[1,0],"5":[5,1],"6":[0],"7":[8],"8":[8,2],"9":[5,5],"10":[6,4]},"_coverageSchema":"1a1c01bbd47fc00a2c39e90264f33305004495a9","hash":"35784985347b42b14420e692778350ab1866f7f9"}
,"/codebuild/output/src153285730/src/source/image-handler/thumbor-mapping.js": {"path":"/codebuild/output/src153285730/src/source/image-handler/thumbor-mapping.js","statementMap":{"0":{"start":{"line":4,"column":14},"end":{"line":4,"column":30}},"1":{"start":{"line":5,"column":18},"end":{"line":5,"column":39}},"2":{"start":{"line":11,"column":8},"end":{"line":11,"column":24}},"3":{"start":{"line":21,"column":8},"end":{"line":21,"column":31}},"4":{"start":{"line":22,"column":20},"end":{"line":22,"column":54}},"5":{"start":{"line":23,"column":8},"end":{"line":25,"column":9}},"6":{"start":{"line":24,"column":12},"end":{"line":24,"column":23}},"7":{"start":{"line":26,"column":25},"end":{"line":26,"column":82}},"8":{"start":{"line":29,"column":24},"end":{"line":29,"column":67}},"9":{"start":{"line":30,"column":8},"end":{"line":47,"column":9}},"10":{"start":{"line":32,"column":25},"end":{"line":32,"column":65}},"11":{"start":{"line":33,"column":26},"end":{"line":33,"column":41}},"12":{"start":{"line":34,"column":27},"end":{"line":34,"column":42}},"13":{"start":{"line":37,"column":12},"end":{"line":46,"column":13}},"14":{"start":{"line":38,"column":16},"end":{"line":38,"column":39}},"15":{"start":{"line":41,"column":16},"end":{"line":43,"column":17}},"16":{"start":{"line":42,"column":20},"end":{"line":42,"column":53}},"17":{"start":{"line":44,"column":16},"end":{"line":44,"column":69}},"18":{"start":{"line":45,"column":16},"end":{"line":45,"column":72}},"19":{"start":{"line":50,"column":8},"end":{"line":55,"column":9}},"20":{"start":{"line":51,"column":12},"end":{"line":53,"column":13}},"21":{"start":{"line":52,"column":16},"end":{"line":52,"column":39}},"22":{"start":{"line":54,"column":12},"end":{"line":54,"column":45}},"23":{"start":{"line":58,"column":8},"end":{"line":61,"column":9}},"24":{"start":{"line":58,"column":21},"end":{"line":58,"column":22}},"25":{"start":{"line":59,"column":25},"end":{"line":59,"column":39}},"26":{"start":{"line":60,"column":12},"end":{"line":60,"column":43}},"27":{"start":{"line":63,"column":8},"end":{"line":63,"column":20}},"28":{"start":{"line":74,"column":29},"end":{"line":74,"column":62}},"29":{"start":{"line":75,"column":29},"end":{"line":75,"column":61}},"30":{"start":{"line":78,"column":8},"end":{"line":94,"column":9}},"31":{"start":{"line":79,"column":29},"end":{"line":79,"column":31}},"32":{"start":{"line":81,"column":12},"end":{"line":89,"column":13}},"33":{"start":{"line":82,"column":39},"end":{"line":82,"column":62}},"34":{"start":{"line":83,"column":30},"end":{"line":83,"column":50}},"35":{"start":{"line":84,"column":44},"end":{"line":84,"column":105}},"36":{"start":{"line":85,"column":31},"end":{"line":85,"column":69}},"37":{"start":{"line":86,"column":16},"end":{"line":86,"column":64}},"38":{"start":{"line":88,"column":16},"end":{"line":88,"column":70}},"39":{"start":{"line":91,"column":12},"end":{"line":91,"column":40}},"40":{"start":{"line":93,"column":12},"end":{"line":93,"column":77}},"41":{"start":{"line":104,"column":24},"end":{"line":104,"column":51}},"42":{"start":{"line":105,"column":24},"end":{"line":105,"column":34}},"43":{"start":{"line":106,"column":20},"end":{"line":106,"column":30}},"44":{"start":{"line":108,"column":8},"end":{"line":242,"column":9}},"45":{"start":{"line":109,"column":12},"end":{"line":109,"column":41}},"46":{"start":{"line":110,"column":15},"end":{"line":242,"column":9}},"47":{"start":{"line":111,"column":12},"end":{"line":113,"column":13}},"48":{"start":{"line":112,"column":16},"end":{"line":112,"column":35}},"49":{"start":{"line":114,"column":12},"end":{"line":114,"column":71}},"50":{"start":{"line":115,"column":15},"end":{"line":242,"column":9}},"51":{"start":{"line":116,"column":24},"end":{"line":116,"column":40}},"52":{"start":{"line":117,"column":12},"end":{"line":117,"column":85}},"53":{"start":{"line":118,"column":15},"end":{"line":242,"column":9}},"54":{"start":{"line":119,"column":24},"end":{"line":119,"column":40}},"55":{"start":{"line":120,"column":30},"end":{"line":120,"column":49}},"56":{"start":{"line":121,"column":25},"end":{"line":121,"column":27}},"57":{"start":{"line":122,"column":12},"end":{"line":124,"column":15}},"58":{"start":{"line":123,"column":16},"end":{"line":123,"column":41}},"59":{"start":{"line":125,"column":32},"end":{"line":125,"column":38}},"60":{"start":{"line":126,"column":31},"end":{"line":126,"column":32}},"61":{"start":{"line":127,"column":26},"end":{"line":127,"column":27}},"62":{"start":{"line":128,"column":12},"end":{"line":135,"column":13}},"63":{"start":{"line":128,"column":25},"end":{"line":128,"column":26}},"64":{"start":{"line":129,"column":16},"end":{"line":134,"column":17}},"65":{"start":{"line":130,"column":20},"end":{"line":130,"column":35}},"66":{"start":{"line":131,"column":20},"end":{"line":131,"column":32}},"67":{"start":{"line":133,"column":20},"end":{"line":133,"column":30}},"68":{"start":{"line":136,"column":12},"end":{"line":140,"column":13}},"69":{"start":{"line":141,"column":15},"end":{"line":242,"column":9}},"70":{"start":{"line":142,"column":12},"end":{"line":142,"column":42}},"71":{"start":{"line":143,"column":15},"end":{"line":242,"column":9}},"72":{"start":{"line":144,"column":12},"end":{"line":146,"column":13}},"73":{"start":{"line":145,"column":16},"end":{"line":145,"column":39}},"74":{"start":{"line":147,"column":12},"end":{"line":149,"column":13}},"75":{"start":{"line":148,"column":16},"end":{"line":148,"column":35}},"76":{"start":{"line":150,"column":12},"end":{"line":150,"column":46}},"77":{"start":{"line":151,"column":12},"end":{"line":151,"column":65}},"78":{"start":{"line":152,"column":15},"end":{"line":242,"column":9}},"79":{"start":{"line":153,"column":35},"end":{"line":153,"column":91}},"80":{"start":{"line":154,"column":35},"end":{"line":154,"column":89}},"81":{"start":{"line":155,"column":12},"end":{"line":157,"column":13}},"82":{"start":{"line":156,"column":16},"end":{"line":156,"column":53}},"83":{"start":{"line":158,"column":15},"end":{"line":242,"column":9}},"84":{"start":{"line":159,"column":12},"end":{"line":159,"column":40}},"85":{"start":{"line":160,"column":15},"end":{"line":242,"column":9}},"86":{"start":{"line":161,"column":12},"end":{"line":163,"column":13}},"87":{"start":{"line":162,"column":16},"end":{"line":162,"column":39}},"88":{"start":{"line":164,"column":12},"end":{"line":164,"column":56}},"89":{"start":{"line":165,"column":15},"end":{"line":242,"column":9}},"90":{"start":{"line":166,"column":12},"end":{"line":168,"column":13}},"91":{"start":{"line":167,"column":16},"end":{"line":167,"column":39}},"92":{"start":{"line":169,"column":25},"end":{"line":169,"column":38}},"93":{"start":{"line":170,"column":12},"end":{"line":170,"column":77}},"94":{"start":{"line":171,"column":12},"end":{"line":171,"column":79}},"95":{"start":{"line":172,"column":15},"end":{"line":242,"column":9}},"96":{"start":{"line":173,"column":12},"end":{"line":183,"column":13}},"97":{"start":{"line":174,"column":16},"end":{"line":174,"column":60}},"98":{"start":{"line":175,"column":19},"end":{"line":183,"column":13}},"99":{"start":{"line":176,"column":16},"end":{"line":176,"column":59}},"100":{"start":{"line":177,"column":19},"end":{"line":183,"column":13}},"101":{"start":{"line":178,"column":16},"end":{"line":178,"column":60}},"102":{"start":{"line":179,"column":19},"end":{"line":183,"column":13}},"103":{"start":{"line":180,"column":16},"end":{"line":180,"column":60}},"104":{"start":{"line":181,"column":19},"end":{"line":183,"column":13}},"105":{"start":{"line":182,"column":16},"end":{"line":182,"column":60}},"106":{"start":{"line":184,"column":15},"end":{"line":242,"column":9}},"107":{"start":{"line":185,"column":32},"end":{"line":185,"column":48}},"108":{"start":{"line":186,"column":27},"end":{"line":186,"column":29}},"109":{"start":{"line":187,"column":12},"end":{"line":191,"column":14}},"110":{"start":{"line":188,"column":41},"end":{"line":188,"column":59}},"111":{"start":{"line":189,"column":28},"end":{"line":189,"column":58}},"112":{"start":{"line":190,"column":16},"end":{"line":190,"column":33}},"113":{"start":{"line":192,"column":12},"end":{"line":192,"column":75}},"114":{"start":{"line":193,"column":15},"end":{"line":242,"column":9}},"115":{"start":{"line":194,"column":12},"end":{"line":194,"column":46}},"116":{"start":{"line":195,"column":15},"end":{"line":242,"column":9}},"117":{"start":{"line":196,"column":23},"end":{"line":196,"column":39}},"118":{"start":{"line":197,"column":26},"end":{"line":197,"column":47}},"119":{"start":{"line":198,"column":12},"end":{"line":198,"column":39}},"120":{"start":{"line":199,"column":15},"end":{"line":242,"column":9}},"121":{"start":{"line":200,"column":12},"end":{"line":202,"column":13}},"122":{"start":{"line":201,"column":16},"end":{"line":201,"column":39}},"123":{"start":{"line":205,"column":12},"end":{"line":207,"column":13}},"124":{"start":{"line":206,"column":16},"end":{"line":206,"column":47}},"125":{"start":{"line":208,"column":15},"end":{"line":242,"column":9}},"126":{"start":{"line":209,"column":12},"end":{"line":209,"column":37}},"127":{"start":{"line":210,"column":15},"end":{"line":242,"column":9}},"128":{"start":{"line":211,"column":12},"end":{"line":213,"column":13}},"129":{"start":{"line":212,"column":16},"end":{"line":212,"column":39}},"130":{"start":{"line":214,"column":12},"end":{"line":214,"column":44}},"131":{"start":{"line":215,"column":15},"end":{"line":242,"column":9}},"132":{"start":{"line":216,"column":28},"end":{"line":216,"column":64}},"133":{"start":{"line":217,"column":27},"end":{"line":217,"column":37}},"134":{"start":{"line":218,"column":24},"end":{"line":218,"column":34}},"135":{"start":{"line":219,"column":25},"end":{"line":219,"column":35}},"136":{"start":{"line":220,"column":25},"end":{"line":220,"column":35}},"137":{"start":{"line":221,"column":26},"end":{"line":221,"column":36}},"138":{"start":{"line":222,"column":27},"end":{"line":222,"column":37}},"139":{"start":{"line":223,"column":27},"end":{"line":223,"column":37}},"140":{"start":{"line":225,"column":12},"end":{"line":232,"column":13}},"141":{"start":{"line":233,"column":38},"end":{"line":233,"column":79}},"142":{"start":{"line":234,"column":12},"end":{"line":236,"column":13}},"143":{"start":{"line":235,"column":16},"end":{"line":235,"column":62}},"144":{"start":{"line":237,"column":12},"end":{"line":239,"column":13}},"145":{"start":{"line":238,"column":16},"end":{"line":238,"column":61}},"146":{"start":{"line":241,"column":12},"end":{"line":241,"column":29}},"147":{"start":{"line":247,"column":0},"end":{"line":247,"column":32}}},"fnMap":{"0":{"name":"(anonymous_0)","decl":{"start":{"line":10,"column":4},"end":{"line":10,"column":5}},"loc":{"start":{"line":10,"column":18},"end":{"line":12,"column":5}},"line":10},"1":{"name":"(anonymous_1)","decl":{"start":{"line":19,"column":4},"end":{"line":19,"column":5}},"loc":{"start":{"line":19,"column":19},"end":{"line":64,"column":5}},"line":19},"2":{"name":"(anonymous_2)","decl":{"start":{"line":72,"column":4},"end":{"line":72,"column":5}},"loc":{"start":{"line":72,"column":26},"end":{"line":95,"column":5}},"line":72},"3":{"name":"(anonymous_3)","decl":{"start":{"line":103,"column":4},"end":{"line":103,"column":5}},"loc":{"start":{"line":103,"column":30},"end":{"line":243,"column":5}},"line":103},"4":{"name":"(anonymous_4)","decl":{"start":{"line":122,"column":30},"end":{"line":122,"column":31}},"loc":{"start":{"line":122,"column":44},"end":{"line":124,"column":13}},"line":122},"5":{"name":"(anonymous_5)","decl":{"start":{"line":187,"column":32},"end":{"line":187,"column":33}},"loc":{"start":{"line":187,"column":54},"end":{"line":191,"column":13}},"line":187}},"branchMap":{"0":{"loc":{"start":{"line":23,"column":8},"end":{"line":25,"column":9}},"type":"if","locations":[{"start":{"line":23,"column":8},"end":{"line":25,"column":9}},{"start":{"line":23,"column":8},"end":{"line":25,"column":9}}],"line":23},"1":{"loc":{"start":{"line":30,"column":8},"end":{"line":47,"column":9}},"type":"if","locations":[{"start":{"line":30,"column":8},"end":{"line":47,"column":9}},{"start":{"line":30,"column":8},"end":{"line":47,"column":9}}],"line":30},"2":{"loc":{"start":{"line":37,"column":12},"end":{"line":46,"column":13}},"type":"if","locations":[{"start":{"line":37,"column":12},"end":{"line":46,"column":13}},{"start":{"line":37,"column":12},"end":{"line":46,"column":13}}],"line":37},"3":{"loc":{"start":{"line":37,"column":16},"end":{"line":37,"column":47}},"type":"binary-expr","locations":[{"start":{"line":37,"column":16},"end":{"line":37,"column":29}},{"start":{"line":37,"column":33},"end":{"line":37,"column":47}}],"line":37},"4":{"loc":{"start":{"line":41,"column":16},"end":{"line":43,"column":17}},"type":"if","locations":[{"start":{"line":41,"column":16},"end":{"line":43,"column":17}},{"start":{"line":41,"column":16},"end":{"line":43,"column":17}}],"line":41},"5":{"loc":{"start":{"line":41,"column":20},"end":{"line":41,"column":47}},"type":"binary-expr","locations":[{"start":{"line":41,"column":20},"end":{"line":41,"column":31}},{"start":{"line":41,"column":35},"end":{"line":41,"column":47}}],"line":41},"6":{"loc":{"start":{"line":44,"column":42},"end":{"line":44,"column":68}},"type":"cond-expr","locations":[{"start":{"line":44,"column":56},"end":{"line":44,"column":60}},{"start":{"line":44,"column":63},"end":{"line":44,"column":68}}],"line":44},"7":{"loc":{"start":{"line":45,"column":43},"end":{"line":45,"column":71}},"type":"cond-expr","locations":[{"start":{"line":45,"column":58},"end":{"line":45,"column":62}},{"start":{"line":45,"column":65},"end":{"line":45,"column":71}}],"line":45},"8":{"loc":{"start":{"line":50,"column":8},"end":{"line":55,"column":9}},"type":"if","locations":[{"start":{"line":50,"column":8},"end":{"line":55,"column":9}},{"start":{"line":50,"column":8},"end":{"line":55,"column":9}}],"line":50},"9":{"loc":{"start":{"line":51,"column":12},"end":{"line":53,"column":13}},"type":"if","locations":[{"start":{"line":51,"column":12},"end":{"line":53,"column":13}},{"start":{"line":51,"column":12},"end":{"line":53,"column":13}}],"line":51},"10":{"loc":{"start":{"line":78,"column":8},"end":{"line":94,"column":9}},"type":"if","locations":[{"start":{"line":78,"column":8},"end":{"line":94,"column":9}},{"start":{"line":78,"column":8},"end":{"line":94,"column":9}}],"line":78},"11":{"loc":{"start":{"line":78,"column":12},"end":{"line":78,"column":90}},"type":"binary-expr","locations":[{"start":{"line":78,"column":12},"end":{"line":78,"column":30}},{"start":{"line":78,"column":34},"end":{"line":78,"column":60}},{"start":{"line":78,"column":64},"end":{"line":78,"column":90}}],"line":78},"12":{"loc":{"start":{"line":81,"column":12},"end":{"line":89,"column":13}},"type":"if","locations":[{"start":{"line":81,"column":12},"end":{"line":89,"column":13}},{"start":{"line":81,"column":12},"end":{"line":89,"column":13}}],"line":81},"13":{"loc":{"start":{"line":108,"column":8},"end":{"line":242,"column":9}},"type":"if","locations":[{"start":{"line":108,"column":8},"end":{"line":242,"column":9}},{"start":{"line":108,"column":8},"end":{"line":242,"column":9}}],"line":108},"14":{"loc":{"start":{"line":110,"column":15},"end":{"line":242,"column":9}},"type":"if","locations":[{"start":{"line":110,"column":15},"end":{"line":242,"column":9}},{"start":{"line":110,"column":15},"end":{"line":242,"column":9}}],"line":110},"15":{"loc":{"start":{"line":111,"column":12},"end":{"line":113,"column":13}},"type":"if","locations":[{"start":{"line":111,"column":12},"end":{"line":113,"column":13}},{"start":{"line":111,"column":12},"end":{"line":113,"column":13}}],"line":111},"16":{"loc":{"start":{"line":115,"column":15},"end":{"line":242,"column":9}},"type":"if","locations":[{"start":{"line":115,"column":15},"end":{"line":242,"column":9}},{"start":{"line":115,"column":15},"end":{"line":242,"column":9}}],"line":115},"17":{"loc":{"start":{"line":117,"column":30},"end":{"line":117,"column":84}},"type":"cond-expr","locations":[{"start":{"line":117,"column":49},"end":{"line":117,"column":63}},{"start":{"line":117,"column":66},"end":{"line":117,"column":84}}],"line":117},"18":{"loc":{"start":{"line":118,"column":15},"end":{"line":242,"column":9}},"type":"if","locations":[{"start":{"line":118,"column":15},"end":{"line":242,"column":9}},{"start":{"line":118,"column":15},"end":{"line":242,"column":9}}],"line":118},"19":{"loc":{"start":{"line":129,"column":16},"end":{"line":134,"column":17}},"type":"if","locations":[{"start":{"line":129,"column":16},"end":{"line":134,"column":17}},{"start":{"line":129,"column":16},"end":{"line":134,"column":17}}],"line":129},"20":{"loc":{"start":{"line":141,"column":15},"end":{"line":242,"column":9}},"type":"if","locations":[{"start":{"line":141,"column":15},"end":{"line":242,"column":9}},{"start":{"line":141,"column":15},"end":{"line":242,"column":9}}],"line":141},"21":{"loc":{"start":{"line":143,"column":15},"end":{"line":242,"column":9}},"type":"if","locations":[{"start":{"line":143,"column":15},"end":{"line":242,"column":9}},{"start":{"line":143,"column":15},"end":{"line":242,"column":9}}],"line":143},"22":{"loc":{"start":{"line":144,"column":12},"end":{"line":146,"column":13}},"type":"if","locations":[{"start":{"line":144,"column":12},"end":{"line":146,"column":13}},{"start":{"line":144,"column":12},"end":{"line":146,"column":13}}],"line":144},"23":{"loc":{"start":{"line":147,"column":12},"end":{"line":149,"column":13}},"type":"if","locations":[{"start":{"line":147,"column":12},"end":{"line":149,"column":13}},{"start":{"line":147,"column":12},"end":{"line":149,"column":13}}],"line":147},"24":{"loc":{"start":{"line":152,"column":15},"end":{"line":242,"column":9}},"type":"if","locations":[{"start":{"line":152,"column":15},"end":{"line":242,"column":9}},{"start":{"line":152,"column":15},"end":{"line":242,"column":9}}],"line":152},"25":{"loc":{"start":{"line":155,"column":12},"end":{"line":157,"column":13}},"type":"if","locations":[{"start":{"line":155,"column":12},"end":{"line":157,"column":13}},{"start":{"line":155,"column":12},"end":{"line":157,"column":13}}],"line":155},"26":{"loc":{"start":{"line":158,"column":15},"end":{"line":242,"column":9}},"type":"if","locations":[{"start":{"line":158,"column":15},"end":{"line":242,"column":9}},{"start":{"line":158,"column":15},"end":{"line":242,"column":9}}],"line":158},"27":{"loc":{"start":{"line":160,"column":15},"end":{"line":242,"column":9}},"type":"if","locations":[{"start":{"line":160,"column":15},"end":{"line":242,"column":9}},{"start":{"line":160,"column":15},"end":{"line":242,"column":9}}],"line":160},"28":{"loc":{"start":{"line":161,"column":12},"end":{"line":163,"column":13}},"type":"if","locations":[{"start":{"line":161,"column":12},"end":{"line":163,"column":13}},{"start":{"line":161,"column":12},"end":{"line":163,"column":13}}],"line":161},"29":{"loc":{"start":{"line":165,"column":15},"end":{"line":242,"column":9}},"type":"if","locations":[{"start":{"line":165,"column":15},"end":{"line":242,"column":9}},{"start":{"line":165,"column":15},"end":{"line":242,"column":9}}],"line":165},"30":{"loc":{"start":{"line":166,"column":12},"end":{"line":168,"column":13}},"type":"if","locations":[{"start":{"line":166,"column":12},"end":{"line":168,"column":13}},{"start":{"line":166,"column":12},"end":{"line":168,"column":13}}],"line":166},"31":{"loc":{"start":{"line":172,"column":15},"end":{"line":242,"column":9}},"type":"if","locations":[{"start":{"line":172,"column":15},"end":{"line":242,"column":9}},{"start":{"line":172,"column":15},"end":{"line":242,"column":9}}],"line":172},"32":{"loc":{"start":{"line":173,"column":12},"end":{"line":183,"column":13}},"type":"if","locations":[{"start":{"line":173,"column":12},"end":{"line":183,"column":13}},{"start":{"line":173,"column":12},"end":{"line":183,"column":13}}],"line":173},"33":{"loc":{"start":{"line":175,"column":19},"end":{"line":183,"column":13}},"type":"if","locations":[{"start":{"line":175,"column":19},"end":{"line":183,"column":13}},{"start":{"line":175,"column":19},"end":{"line":183,"column":13}}],"line":175},"34":{"loc":{"start":{"line":177,"column":19},"end":{"line":183,"column":13}},"type":"if","locations":[{"start":{"line":177,"column":19},"end":{"line":183,"column":13}},{"start":{"line":177,"column":19},"end":{"line":183,"column":13}}],"line":177},"35":{"loc":{"start":{"line":179,"column":19},"end":{"line":183,"column":13}},"type":"if","locations":[{"start":{"line":179,"column":19},"end":{"line":183,"column":13}},{"start":{"line":179,"column":19},"end":{"line":183,"column":13}}],"line":179},"36":{"loc":{"start":{"line":181,"column":19},"end":{"line":183,"column":13}},"type":"if","locations":[{"start":{"line":181,"column":19},"end":{"line":183,"column":13}},{"start":{"line":181,"column":19},"end":{"line":183,"column":13}}],"line":181},"37":{"loc":{"start":{"line":184,"column":15},"end":{"line":242,"column":9}},"type":"if","locations":[{"start":{"line":184,"column":15},"end":{"line":242,"column":9}},{"start":{"line":184,"column":15},"end":{"line":242,"column":9}}],"line":184},"38":{"loc":{"start":{"line":193,"column":15},"end":{"line":242,"column":9}},"type":"if","locations":[{"start":{"line":193,"column":15},"end":{"line":242,"column":9}},{"start":{"line":193,"column":15},"end":{"line":242,"column":9}}],"line":193},"39":{"loc":{"start":{"line":195,"column":15},"end":{"line":242,"column":9}},"type":"if","locations":[{"start":{"line":195,"column":15},"end":{"line":242,"column":9}},{"start":{"line":195,"column":15},"end":{"line":242,"column":9}}],"line":195},"40":{"loc":{"start":{"line":199,"column":15},"end":{"line":242,"column":9}},"type":"if","locations":[{"start":{"line":199,"column":15},"end":{"line":242,"column":9}},{"start":{"line":199,"column":15},"end":{"line":242,"column":9}}],"line":199},"41":{"loc":{"start":{"line":200,"column":12},"end":{"line":202,"column":13}},"type":"if","locations":[{"start":{"line":200,"column":12},"end":{"line":202,"column":13}},{"start":{"line":200,"column":12},"end":{"line":202,"column":13}}],"line":200},"42":{"loc":{"start":{"line":205,"column":12},"end":{"line":207,"column":13}},"type":"if","locations":[{"start":{"line":205,"column":12},"end":{"line":207,"column":13}},{"start":{"line":205,"column":12},"end":{"line":207,"column":13}}],"line":205},"43":{"loc":{"start":{"line":208,"column":15},"end":{"line":242,"column":9}},"type":"if","locations":[{"start":{"line":208,"column":15},"end":{"line":242,"column":9}},{"start":{"line":208,"column":15},"end":{"line":242,"column":9}}],"line":208},"44":{"loc":{"start":{"line":208,"column":19},"end":{"line":208,"column":74}},"type":"binary-expr","locations":[{"start":{"line":208,"column":19},"end":{"line":208,"column":45}},{"start":{"line":208,"column":49},"end":{"line":208,"column":74}}],"line":208},"45":{"loc":{"start":{"line":210,"column":15},"end":{"line":242,"column":9}},"type":"if","locations":[{"start":{"line":210,"column":15},"end":{"line":242,"column":9}},{"start":{"line":210,"column":15},"end":{"line":242,"column":9}}],"line":210},"46":{"loc":{"start":{"line":211,"column":12},"end":{"line":213,"column":13}},"type":"if","locations":[{"start":{"line":211,"column":12},"end":{"line":213,"column":13}},{"start":{"line":211,"column":12},"end":{"line":213,"column":13}}],"line":211},"47":{"loc":{"start":{"line":215,"column":15},"end":{"line":242,"column":9}},"type":"if","locations":[{"start":{"line":215,"column":15},"end":{"line":242,"column":9}},{"start":{"line":215,"column":15},"end":{"line":242,"column":9}}],"line":215},"48":{"loc":{"start":{"line":234,"column":12},"end":{"line":236,"column":13}},"type":"if","locations":[{"start":{"line":234,"column":12},"end":{"line":236,"column":13}},{"start":{"line":234,"column":12},"end":{"line":236,"column":13}}],"line":234},"49":{"loc":{"start":{"line":234,"column":16},"end":{"line":234,"column":60}},"type":"binary-expr","locations":[{"start":{"line":234,"column":16},"end":{"line":234,"column":44}},{"start":{"line":234,"column":48},"end":{"line":234,"column":60}}],"line":234},"50":{"loc":{"start":{"line":237,"column":12},"end":{"line":239,"column":13}},"type":"if","locations":[{"start":{"line":237,"column":12},"end":{"line":239,"column":13}},{"start":{"line":237,"column":12},"end":{"line":239,"column":13}}],"line":237},"51":{"loc":{"start":{"line":237,"column":16},"end":{"line":237,"column":60}},"type":"binary-expr","locations":[{"start":{"line":237,"column":16},"end":{"line":237,"column":44}},{"start":{"line":237,"column":48},"end":{"line":237,"column":60}}],"line":237}},"s":{"0":3,"1":3,"2":63,"3":23,"4":23,"5":23,"6":16,"7":23,"8":23,"9":23,"10":7,"11":7,"12":7,"13":7,"14":7,"15":7,"16":3,"17":7,"18":7,"19":23,"20":3,"21":1,"22":3,"23":23,"24":23,"25":11,"26":11,"27":23,"28":6,"29":6,"30":6,"31":3,"32":3,"33":1,"34":1,"35":1,"36":1,"37":1,"38":2,"39":3,"40":3,"41":47,"42":47,"43":47,"44":47,"45":1,"46":46,"47":1,"48":1,"49":1,"50":45,"51":2,"52":2,"53":43,"54":1,"55":1,"56":1,"57":1,"58":9,"59":1,"60":1,"61":1,"62":1,"63":1,"64":9,"65":3,"66":3,"67":6,"68":1,"69":42,"70":1,"71":41,"72":2,"73":1,"74":2,"75":2,"76":2,"77":2,"78":39,"79":4,"80":4,"81":4,"82":3,"83":35,"84":5,"85":30,"86":2,"87":1,"88":2,"89":28,"90":2,"91":1,"92":2,"93":2,"94":2,"95":26,"96":7,"97":2,"98":5,"99":1,"100":4,"101":1,"102":3,"103":1,"104":2,"105":1,"106":19,"107":1,"108":1,"109":1,"110":3,"111":3,"112":3,"113":1,"114":18,"115":4,"116":14,"117":1,"118":1,"119":1,"120":13,"121":4,"122":1,"123":4,"124":2,"125":9,"126":2,"127":7,"128":2,"129":1,"130":2,"131":5,"132":4,"133":4,"134":4,"135":4,"136":4,"137":4,"138":4,"139":4,"140":4,"141":4,"142":4,"143":3,"144":4,"145":3,"146":1,"147":3},"f":{"0":63,"1":23,"2":6,"3":47,"4":9,"5":3},"b":{"0":[16,7],"1":[7,16],"2":[7,0],"3":[7,7],"4":[3,4],"5":[7,5],"6":[2,5],"7":[2,5],"8":[3,20],"9":[1,2],"10":[3,3],"11":[6,4,3],"12":[1,2],"13":[1,46],"14":[1,45],"15":[1,0],"16":[2,43],"17":[1,1],"18":[1,42],"19":[3,6],"20":[1,41],"21":[2,39],"22":[1,1],"23":[2,0],"24":[4,35],"25":[3,1],"26":[5,30],"27":[2,28],"28":[1,1],"29":[2,26],"30":[1,1],"31":[7,19],"32":[2,5],"33":[1,4],"34":[1,3],"35":[1,2],"36":[1,1],"37":[1,18],"38":[4,14],"39":[1,13],"40":[4,9],"41":[1,3],"42":[2,2],"43":[2,7],"44":[9,8],"45":[2,5],"46":[1,1],"47":[4,1],"48":[3,1],"49":[4,3],"50":[3,1],"51":[4,3]},"_coverageSchema":"1a1c01bbd47fc00a2c39e90264f33305004495a9","hash":"ebfc65e2eae88ead1e9647eaa0faca7a23fc04e7"}
}
