TN:
SF:image-handler.js
FN:7,(anonymous_0)
FN:16,(anonymous_1)
FN:65,(anonymous_2)
FN:162,(anonymous_3)
FN:217,(anonymous_4)
FN:236,(anonymous_5)
FNF:6
FNH:6
FNDA:33,(anonymous_0)
FNDA:11,(anonymous_1)
FNDA:16,(anonymous_2)
FNDA:7,(anonymous_3)
FNDA:4,(anonymous_4)
FNDA:6,(anonymous_5)
DA:4,2
DA:8,33
DA:9,33
DA:17,11
DA:18,11
DA:19,11
DA:21,11
DA:22,6
DA:23,6
DA:25,6
DA:26,1
DA:28,5
DA:29,4
DA:30,1
DA:32,3
DA:36,5
DA:37,5
DA:38,1
DA:40,5
DA:41,5
DA:43,5
DA:47,10
DA:48,10
DA:49,1
DA:56,9
DA:66,16
DA:67,13
DA:68,13
DA:70,3
DA:71,3
DA:75,16
DA:76,30
DA:77,30
DA:78,5
DA:79,5
DA:80,5
DA:81,5
DA:82,5
DA:85,5
DA:86,5
DA:87,5
DA:89,5
DA:90,5
DA:91,4
DA:92,4
DA:93,4
DA:94,2
DA:95,2
DA:96,1
DA:98,1
DA:101,2
DA:102,2
DA:103,1
DA:106,4
DA:108,4
DA:109,4
DA:110,4
DA:111,2
DA:112,2
DA:113,1
DA:115,1
DA:118,2
DA:119,2
DA:120,1
DA:123,4
DA:127,5
DA:128,5
DA:129,25
DA:130,4
DA:131,4
DA:132,4
DA:133,4
DA:134,3
DA:135,3
DA:136,3
DA:138,1
DA:145,21
DA:149,14
DA:163,7
DA:164,7
DA:165,7
DA:166,7
DA:167,6
DA:172,6
DA:173,6
DA:174,1
DA:176,6
DA:177,1
DA:181,6
DA:182,1
DA:184,5
DA:187,6
DA:199,6
DA:201,1
DA:218,4
DA:220,4
DA:227,4
DA:237,6
DA:238,6
DA:239,6
DA:240,6
DA:241,5
DA:243,2
DA:244,2
DA:245,1
DA:251,1
DA:262,2
LF:107
LH:107
BRDA:21,0,0,6
BRDA:21,0,1,5
BRDA:21,1,0,11
BRDA:21,1,1,8
BRDA:25,2,0,1
BRDA:25,2,1,5
BRDA:25,3,0,6
BRDA:25,3,1,1
BRDA:29,4,0,1
BRDA:29,4,1,3
BRDA:37,5,0,1
BRDA:37,5,1,4
BRDA:48,6,0,1
BRDA:48,6,1,9
BRDA:66,7,0,13
BRDA:66,7,1,3
BRDA:70,8,0,3
BRDA:70,8,1,0
BRDA:71,9,0,3
BRDA:71,9,1,0
BRDA:77,10,0,5
BRDA:77,10,1,25
BRDA:80,11,0,5
BRDA:80,11,1,0
BRDA:90,12,0,4
BRDA:90,12,1,1
BRDA:91,13,0,4
BRDA:91,13,1,0
BRDA:93,14,0,2
BRDA:93,14,1,2
BRDA:93,15,0,4
BRDA:93,15,1,2
BRDA:95,16,0,1
BRDA:95,16,1,1
BRDA:102,17,0,1
BRDA:102,17,1,1
BRDA:106,18,0,0
BRDA:106,18,1,4
BRDA:108,19,0,4
BRDA:108,19,1,0
BRDA:110,20,0,2
BRDA:110,20,1,2
BRDA:110,21,0,4
BRDA:110,21,1,2
BRDA:112,22,0,1
BRDA:112,22,1,1
BRDA:119,23,0,1
BRDA:119,23,1,1
BRDA:123,24,0,0
BRDA:123,24,1,4
BRDA:129,25,0,4
BRDA:129,25,1,21
BRDA:173,26,0,1
BRDA:173,26,1,5
BRDA:176,27,0,1
BRDA:176,27,1,5
BRDA:181,28,0,1
BRDA:181,28,1,5
BRDA:202,29,0,0
BRDA:202,29,1,1
BRDA:218,30,0,3
BRDA:218,30,1,1
BRDA:238,31,0,5
BRDA:238,31,1,1
BRDA:244,32,0,1
BRDA:244,32,1,1
BRF:66
BRH:58
end_of_record
TN:
SF:image-request.js
FN:7,(anonymous_0)
FN:17,(anonymous_1)
FN:96,(anonymous_2)
FN:121,(anonymous_3)
FN:162,(anonymous_4)
FN:201,(anonymous_5)
FN:229,(anonymous_6)
FN:271,(anonymous_7)
FN:304,(anonymous_8)
FN:320,(anonymous_9)
FN:349,(anonymous_10)
FN:368,(anonymous_11)
FNF:12
FNH:12
FNDA:60,(anonymous_0)
FNDA:25,(anonymous_1)
FNDA:4,(anonymous_2)
FNDA:23,(anonymous_3)
FNDA:27,(anonymous_4)
FNDA:24,(anonymous_5)
FNDA:26,(anonymous_6)
FNDA:25,(anonymous_7)
FNDA:17,(anonymous_8)
FNDA:42,(anonymous_9)
FNDA:28,(anonymous_10)
FNDA:18,(anonymous_11)
DA:4,2
DA:8,60
DA:9,60
DA:18,25
DA:20,25
DA:21,5
DA:22,5
DA:23,5
DA:24,2
DA:31,3
DA:32,3
DA:33,3
DA:34,2
DA:35,2
DA:38,2
DA:39,1
DA:46,2
DA:47,1
DA:50,1
DA:51,1
DA:59,21
DA:60,21
DA:61,20
DA:62,20
DA:63,20
DA:64,14
DA:66,14
DA:67,12
DA:71,14
DA:74,1
DA:82,14
DA:83,14
DA:84,4
DA:85,10
DA:86,2
DA:90,14
DA:91,7
DA:92,7
DA:94,7
DA:95,7
DA:96,4
DA:97,3
DA:98,1
DA:99,1
DA:100,1
DA:105,14
DA:106,14
DA:108,14
DA:110,11
DA:111,11
DA:122,23
DA:123,23
DA:124,23
DA:126,15
DA:127,8
DA:129,7
DA:132,15
DA:133,1
DA:136,15
DA:137,1
DA:140,15
DA:141,1
DA:143,14
DA:146,15
DA:148,8
DA:163,27
DA:165,10
DA:166,10
DA:168,9
DA:169,9
DA:170,7
DA:172,2
DA:180,1
DA:181,1
DA:183,17
DA:185,16
DA:186,16
DA:188,1
DA:202,24
DA:203,7
DA:204,7
DA:205,17
DA:206,14
DA:207,14
DA:208,14
DA:209,3
DA:210,2
DA:211,2
DA:212,2
DA:213,2
DA:215,1
DA:230,26
DA:232,8
DA:233,8
DA:236,18
DA:237,17
DA:239,17
DA:240,3
DA:241,3
DA:243,3
DA:244,1
DA:245,1
DA:246,1
DA:247,1
DA:248,1
DA:250,2
DA:253,17
DA:257,1
DA:272,25
DA:273,25
DA:274,25
DA:275,25
DA:277,25
DA:283,25
DA:284,8
DA:285,17
DA:286,2
DA:287,15
DA:288,14
DA:290,1
DA:305,17
DA:306,8
DA:307,8
DA:308,3
DA:312,14
DA:321,42
DA:322,42
DA:323,41
DA:324,41
DA:325,41
DA:327,41
DA:329,1
DA:336,1
DA:350,28
DA:351,28
DA:352,1
DA:358,27
DA:359,27
DA:360,27
DA:369,18
DA:370,18
DA:371,1
DA:372,17
DA:373,6
DA:374,6
DA:377,11
DA:382,2
LF:147
LH:147
BRDA:20,0,0,5
BRDA:20,0,1,20
BRDA:23,1,0,2
BRDA:23,1,1,3
BRDA:23,2,0,5
BRDA:23,2,1,4
BRDA:38,3,0,1
BRDA:38,3,1,1
BRDA:46,4,0,1
BRDA:46,4,1,1
BRDA:66,5,0,12
BRDA:66,5,1,2
BRDA:71,6,0,1
BRDA:71,6,1,13
BRDA:71,7,0,14
BRDA:71,7,1,3
BRDA:71,7,2,3
BRDA:71,7,3,2
BRDA:83,8,0,4
BRDA:83,8,1,10
BRDA:83,9,0,14
BRDA:83,9,1,12
BRDA:85,10,0,2
BRDA:85,10,1,8
BRDA:90,11,0,7
BRDA:90,11,1,7
BRDA:95,12,0,3
BRDA:95,12,1,4
BRDA:95,13,0,7
BRDA:95,13,1,3
BRDA:97,14,0,1
BRDA:97,14,1,2
BRDA:97,15,0,3
BRDA:97,15,1,1
BRDA:126,16,0,8
BRDA:126,16,1,7
BRDA:132,17,0,1
BRDA:132,17,1,14
BRDA:136,18,0,1
BRDA:136,18,1,14
BRDA:140,19,0,1
BRDA:140,19,1,14
BRDA:149,20,0,6
BRDA:149,20,1,2
BRDA:163,21,0,10
BRDA:163,21,1,17
BRDA:166,22,0,9
BRDA:166,22,1,1
BRDA:169,23,0,7
BRDA:169,23,1,2
BRDA:169,24,0,9
BRDA:169,24,1,2
BRDA:183,25,0,16
BRDA:183,25,1,1
BRDA:183,26,0,17
BRDA:183,26,1,3
BRDA:202,27,0,7
BRDA:202,27,1,17
BRDA:205,28,0,14
BRDA:205,28,1,3
BRDA:209,29,0,2
BRDA:209,29,1,1
BRDA:230,30,0,8
BRDA:230,30,1,18
BRDA:236,31,0,17
BRDA:236,31,1,1
BRDA:236,32,0,18
BRDA:236,32,1,4
BRDA:239,33,0,3
BRDA:239,33,1,14
BRDA:243,34,0,1
BRDA:243,34,1,2
BRDA:277,35,0,25
BRDA:277,35,1,25
BRDA:277,35,2,25
BRDA:277,35,3,2
BRDA:283,36,0,8
BRDA:283,36,1,17
BRDA:285,37,0,2
BRDA:285,37,1,15
BRDA:285,38,0,17
BRDA:285,38,1,16
BRDA:287,39,0,14
BRDA:287,39,1,1
BRDA:305,40,0,8
BRDA:305,40,1,9
BRDA:307,41,0,3
BRDA:307,41,1,5
BRDA:322,42,0,41
BRDA:322,42,1,1
BRDA:323,43,0,36
BRDA:323,43,1,5
BRDA:351,44,0,1
BRDA:351,44,1,27
BRDA:370,45,0,1
BRDA:370,45,1,17
BRDA:370,46,0,18
BRDA:370,46,1,2
BRDA:370,46,2,2
BRDA:372,47,0,6
BRDA:372,47,1,11
BRF:101
BRH:101
end_of_record
TN:
SF:index.js
FN:12,(anonymous_0)
FN:96,(anonymous_1)
FNF:2
FNH:2
FNDA:10,(anonymous_0)
FNDA:10,(anonymous_1)
DA:4,1
DA:5,1
DA:6,1
DA:7,1
DA:9,1
DA:10,1
DA:12,1
DA:13,10
DA:14,10
DA:15,10
DA:16,10
DA:18,10
DA:19,10
DA:20,4
DA:22,4
DA:23,3
DA:24,3
DA:25,3
DA:26,3
DA:27,3
DA:29,3
DA:31,1
DA:32,1
DA:36,3
DA:43,7
DA:46,7
DA:51,2
DA:52,2
DA:53,2
DA:54,2
DA:55,1
DA:56,1
DA:57,1
DA:58,1
DA:60,1
DA:67,1
DA:71,6
DA:72,5
DA:79,1
DA:96,1
DA:97,10
DA:98,10
DA:102,10
DA:103,8
DA:105,10
DA:106,5
DA:108,10
DA:109,6
DA:111,10
LF:49
LH:49
BRDA:16,0,0,10
BRDA:16,0,1,2
BRDA:29,1,0,1
BRDA:29,1,1,2
BRDA:46,2,0,2
BRDA:46,2,1,5
BRDA:46,3,0,7
BRDA:46,3,1,5
BRDA:46,3,2,3
BRDA:46,3,3,3
BRDA:46,3,4,2
BRDA:61,4,0,1
BRDA:61,4,1,0
BRDA:71,5,0,5
BRDA:71,5,1,1
BRDA:96,6,0,0
BRDA:96,7,0,8
BRDA:102,8,0,8
BRDA:102,8,1,2
BRDA:105,9,0,5
BRDA:105,9,1,5
BRDA:108,10,0,6
BRDA:108,10,1,4
BRF:23
BRH:21
end_of_record
TN:
SF:thumbor-mapping.js
FN:10,(anonymous_0)
FN:19,(anonymous_1)
FN:72,(anonymous_2)
FN:103,(anonymous_3)
FN:122,(anonymous_4)
FN:187,(anonymous_5)
FNF:6
FNH:6
FNDA:63,(anonymous_0)
FNDA:23,(anonymous_1)
FNDA:6,(anonymous_2)
FNDA:47,(anonymous_3)
FNDA:9,(anonymous_4)
FNDA:3,(anonymous_5)
DA:4,3
DA:5,3
DA:11,63
DA:21,23
DA:22,23
DA:23,23
DA:24,16
DA:26,23
DA:29,23
DA:30,23
DA:32,7
DA:33,7
DA:34,7
DA:37,7
DA:38,7
DA:41,7
DA:42,3
DA:44,7
DA:45,7
DA:50,23
DA:51,3
DA:52,1
DA:54,3
DA:58,23
DA:59,11
DA:60,11
DA:63,23
DA:74,6
DA:75,6
DA:78,6
DA:79,3
DA:81,3
DA:82,1
DA:83,1
DA:84,1
DA:85,1
DA:86,1
DA:88,2
DA:91,3
DA:93,3
DA:104,47
DA:105,47
DA:106,47
DA:108,47
DA:109,1
DA:110,46
DA:111,1
DA:112,1
DA:114,1
DA:115,45
DA:116,2
DA:117,2
DA:118,43
DA:119,1
DA:120,1
DA:121,1
DA:122,1
DA:123,9
DA:125,1
DA:126,1
DA:127,1
DA:128,1
DA:129,9
DA:130,3
DA:131,3
DA:133,6
DA:136,1
DA:141,42
DA:142,1
DA:143,41
DA:144,2
DA:145,1
DA:147,2
DA:148,2
DA:150,2
DA:151,2
DA:152,39
DA:153,4
DA:154,4
DA:155,4
DA:156,3
DA:158,35
DA:159,5
DA:160,30
DA:161,2
DA:162,1
DA:164,2
DA:165,28
DA:166,2
DA:167,1
DA:169,2
DA:170,2
DA:171,2
DA:172,26
DA:173,7
DA:174,2
DA:175,5
DA:176,1
DA:177,4
DA:178,1
DA:179,3
DA:180,1
DA:181,2
DA:182,1
DA:184,19
DA:185,1
DA:186,1
DA:187,1
DA:188,3
DA:189,3
DA:190,3
DA:192,1
DA:193,18
DA:194,4
DA:195,14
DA:196,1
DA:197,1
DA:198,1
DA:199,13
DA:200,4
DA:201,1
DA:205,4
DA:206,2
DA:208,9
DA:209,2
DA:210,7
DA:211,2
DA:212,1
DA:214,2
DA:215,5
DA:216,4
DA:217,4
DA:218,4
DA:219,4
DA:220,4
DA:221,4
DA:222,4
DA:223,4
DA:225,4
DA:233,4
DA:234,4
DA:235,3
DA:237,4
DA:238,3
DA:241,1
DA:247,3
LF:146
LH:146
BRDA:23,0,0,16
BRDA:23,0,1,7
BRDA:30,1,0,7
BRDA:30,1,1,16
BRDA:37,2,0,7
BRDA:37,2,1,0
BRDA:37,3,0,7
BRDA:37,3,1,7
BRDA:41,4,0,3
BRDA:41,4,1,4
BRDA:41,5,0,7
BRDA:41,5,1,5
BRDA:44,6,0,2
BRDA:44,6,1,5
BRDA:45,7,0,2
BRDA:45,7,1,5
BRDA:50,8,0,3
BRDA:50,8,1,20
BRDA:51,9,0,1
BRDA:51,9,1,2
BRDA:78,10,0,3
BRDA:78,10,1,3
BRDA:78,11,0,6
BRDA:78,11,1,4
BRDA:78,11,2,3
BRDA:81,12,0,1
BRDA:81,12,1,2
BRDA:108,13,0,1
BRDA:108,13,1,46
BRDA:110,14,0,1
BRDA:110,14,1,45
BRDA:111,15,0,1
BRDA:111,15,1,0
BRDA:115,16,0,2
BRDA:115,16,1,43
BRDA:117,17,0,1
BRDA:117,17,1,1
BRDA:118,18,0,1
BRDA:118,18,1,42
BRDA:129,19,0,3
BRDA:129,19,1,6
BRDA:141,20,0,1
BRDA:141,20,1,41
BRDA:143,21,0,2
BRDA:143,21,1,39
BRDA:144,22,0,1
BRDA:144,22,1,1
BRDA:147,23,0,2
BRDA:147,23,1,0
BRDA:152,24,0,4
BRDA:152,24,1,35
BRDA:155,25,0,3
BRDA:155,25,1,1
BRDA:158,26,0,5
BRDA:158,26,1,30
BRDA:160,27,0,2
BRDA:160,27,1,28
BRDA:161,28,0,1
BRDA:161,28,1,1
BRDA:165,29,0,2
BRDA:165,29,1,26
BRDA:166,30,0,1
BRDA:166,30,1,1
BRDA:172,31,0,7
BRDA:172,31,1,19
BRDA:173,32,0,2
BRDA:173,32,1,5
BRDA:175,33,0,1
BRDA:175,33,1,4
BRDA:177,34,0,1
BRDA:177,34,1,3
BRDA:179,35,0,1
BRDA:179,35,1,2
BRDA:181,36,0,1
BRDA:181,36,1,1
BRDA:184,37,0,1
BRDA:184,37,1,18
BRDA:193,38,0,4
BRDA:193,38,1,14
BRDA:195,39,0,1
BRDA:195,39,1,13
BRDA:199,40,0,4
BRDA:199,40,1,9
BRDA:200,41,0,1
BRDA:200,41,1,3
BRDA:205,42,0,2
BRDA:205,42,1,2
BRDA:208,43,0,2
BRDA:208,43,1,7
BRDA:208,44,0,9
BRDA:208,44,1,8
BRDA:210,45,0,2
BRDA:210,45,1,5
BRDA:211,46,0,1
BRDA:211,46,1,1
BRDA:215,47,0,4
BRDA:215,47,1,1
BRDA:234,48,0,3
BRDA:234,48,1,1
BRDA:234,49,0,4
BRDA:234,49,1,3
BRDA:237,50,0,3
BRDA:237,50,1,1
BRDA:237,51,0,4
BRDA:237,51,1,3
BRF:105
BRH:102
end_of_record
